{"meta": {"format": 3, "version": "7.13.1", "timestamp": "2026-01-14T01:28:41.423654", "branch_coverage": false, "show_contexts": false}, "files": {"cadling/__init__.py": {"executed_lines": [26, 29, 36, 38], "summary": {"covered_lines": 4, "num_statements": 4, "percent_covered": 100.0, "percent_covered_display": "100", "missing_lines": 0, "excluded_lines": 0, "percent_statements_covered": 100.0, "percent_statements_covered_display": "100"}, "missing_lines": [], "excluded_lines": [], "functions": {"": {"executed_lines": [26, 29, 36, 38], "summary": {"covered_lines": 4, "num_statements": 4, "percent_covered": 100.0, "percent_covered_display": "100", "missing_lines": 0, "excluded_lines": 0, "percent_statements_covered": 100.0, "percent_statements_covered_display": "100"}, "missing_lines": [], "excluded_lines": [], "start_line": 1}}, "classes": {"": {"executed_lines": [26, 29, 36, 38], "summary": {"covered_lines": 4, "num_statements": 4, "percent_covered": 100.0, "percent_covered_display": "100", "missing_lines": 0, "excluded_lines": 0, "percent_statements_covered": 100.0, "percent_statements_covered_display": "100"}, "missing_lines": [], "excluded_lines": [], "start_line": 1}}}, "cadling/backend/__init__.py": {"executed_lines": [13, 20], "summary": {"covered_lines": 2, "num_statements": 2, "percent_covered": 100.0, "percent_covered_display": "100", "missing_lines": 0, "excluded_lines": 0, "percent_statements_covered": 100.0, "percent_statements_covered_display": "100"}, "missing_lines": [], "excluded_lines": [], "functions": {"": {"executed_lines": [13, 20], "summary": {"covered_lines": 2, "num_statements": 2, "percent_covered": 100.0, "percent_covered_display": "100", "missing_lines": 0, "excluded_lines": 0, "percent_statements_covered": 100.0, "percent_statements_covered_display": "100"}, "missing_lines": [], "excluded_lines": [], "start_line": 1}}, "classes": {"": {"executed_lines": [13, 20], "summary": {"covered_lines": 2, "num_statements": 2, "percent_covered": 100.0, "percent_covered_display": "100", "missing_lines": 0, "excluded_lines": 0, "percent_statements_covered": 100.0, "percent_statements_covered_display": "100"}, "missing_lines": [], "excluded_lines": [], "start_line": 1}}}, "cadling/backend/abstract_backend.py": {"executed_lines": [25, 27, 28, 29, 30, 31, 32, 34, 36, 39, 54, 135, 136, 144, 156, 171, 172, 205, 222, 223, 279, 290], "summary": {"covered_lines": 22, "num_statements": 35, "percent_covered": 62.857142857142854, "percent_covered_display": "63", "missing_lines": 13, "excluded_lines": 155, "percent_statements_covered": 62.857142857142854, "percent_statements_covered_display": "63"}, "missing_lines": [67, 68, 69, 70, 71, 73, 142, 153, 174, 225, 301, 302, 304], "excluded_lines": [78, 79, 80, 81, 82, 83, 84, 85, 86, 87, 88, 89, 90, 91, 93, 94, 95, 96, 97, 98, 99, 100, 101, 102, 103, 104, 105, 106, 108, 109, 110, 111, 112, 113, 114, 115, 116, 117, 118, 119, 120, 122, 123, 124, 125, 126, 127, 128, 129, 130, 131, 132, 133, 176, 177, 178, 179, 180, 181, 182, 183, 184, 185, 186, 187, 188, 189, 190, 191, 192, 193, 194, 195, 196, 197, 198, 199, 200, 201, 202, 227, 228, 229, 230, 231, 232, 233, 234, 235, 236, 237, 238, 239, 241, 242, 243, 244, 245, 246, 247, 248, 249, 250, 251, 252, 253, 254, 255, 257, 258, 259, 260, 261, 262, 263, 264, 265, 266, 267, 268, 269, 270, 271, 272, 273, 274, 275, 276, 308, 309, 310, 311, 312, 313, 314, 315, 316, 317, 318, 320, 321, 322, 323, 324, 325, 326, 327, 328, 329, 330, 331, 332, 333, 334, 335], "functions": {"AbstractCADBackend.__init__": {"executed_lines": [], "summary": {"covered_lines": 0, "num_statements": 6, "percent_covered": 0.0, "percent_covered_display": "0", "missing_lines": 6, "excluded_lines": 0, "percent_statements_covered": 0.0, "percent_statements_covered_display": "0"}, "missing_lines": [67, 68, 69, 70, 71, 73], "excluded_lines": [], "start_line": 54}, "AbstractCADBackend.supports_text_parsing": {"executed_lines": [], "summary": {"covered_lines": 0, "num_statements": 0, "percent_covered": 100.0, "percent_covered_display": "100", "missing_lines": 0, "excluded_lines": 11, "percent_statements_covered": 100.0, "percent_statements_covered_display": "100"}, "missing_lines": [], "excluded_lines": [81, 82, 83, 84, 85, 86, 87, 88, 89, 90, 91], "start_line": 80}, "AbstractCADBackend.supports_rendering": {"executed_lines": [], "summary": {"covered_lines": 0, "num_statements": 0, "percent_covered": 100.0, "percent_covered_display": "100", "missing_lines": 0, "excluded_lines": 11, "percent_statements_covered": 100.0, "percent_statements_covered_display": "100"}, "missing_lines": [], "excluded_lines": [96, 97, 98, 99, 100, 101, 102, 103, 104, 105, 106], "start_line": 95}, "AbstractCADBackend.supported_formats": {"executed_lines": [], "summary": {"covered_lines": 0, "num_statements": 0, "percent_covered": 100.0, "percent_covered_display": "100", "missing_lines": 0, "excluded_lines": 10, "percent_statements_covered": 100.0, "percent_statements_covered_display": "100"}, "missing_lines": [], "excluded_lines": [111, 112, 113, 114, 115, 116, 117, 118, 119, 120], "start_line": 110}, "AbstractCADBackend.is_valid": {"executed_lines": [], "summary": {"covered_lines": 0, "num_statements": 0, "percent_covered": 100.0, "percent_covered_display": "100", "missing_lines": 0, "excluded_lines": 10, "percent_statements_covered": 100.0, "percent_statements_covered_display": "100"}, "missing_lines": [], "excluded_lines": [124, 125, 126, 127, 128, 129, 130, 131, 132, 133], "start_line": 123}, "AbstractCADBackend._get_default_options": {"executed_lines": [], "summary": {"covered_lines": 0, "num_statements": 1, "percent_covered": 0.0, "percent_covered_display": "0", "missing_lines": 1, "excluded_lines": 0, "percent_statements_covered": 0.0, "percent_statements_covered_display": "0"}, "missing_lines": [142], "excluded_lines": [], "start_line": 136}, "AbstractCADBackend._compute_hash": {"executed_lines": [], "summary": {"covered_lines": 0, "num_statements": 1, "percent_covered": 0.0, "percent_covered_display": "0", "missing_lines": 1, "excluded_lines": 0, "percent_statements_covered": 0.0, "percent_statements_covered_display": "0"}, "missing_lines": [153], "excluded_lines": [], "start_line": 144}, "DeclarativeCADBackend.supports_text_parsing": {"executed_lines": [], "summary": {"covered_lines": 0, "num_statements": 1, "percent_covered": 0.0, "percent_covered_display": "0", "missing_lines": 1, "excluded_lines": 0, "percent_statements_covered": 0.0, "percent_statements_covered_display": "0"}, "missing_lines": [174], "excluded_lines": [], "start_line": 172}, "DeclarativeCADBackend.convert": {"executed_lines": [], "summary": {"covered_lines": 0, "num_statements": 0, "percent_covered": 100.0, "percent_covered_display": "100", "missing_lines": 0, "excluded_lines": 25, "percent_statements_covered": 100.0, "percent_statements_covered_display": "100"}, "missing_lines": [], "excluded_lines": [178, 179, 180, 181, 182, 183, 184, 185, 186, 187, 188, 189, 190, 191, 192, 193, 194, 195, 196, 197, 198, 199, 200, 201, 202], "start_line": 177}, "RenderableCADBackend.supports_rendering": {"executed_lines": [], "summary": {"covered_lines": 0, "num_statements": 1, "percent_covered": 0.0, "percent_covered_display": "0", "missing_lines": 1, "excluded_lines": 0, "percent_statements_covered": 0.0, "percent_statements_covered_display": "0"}, "missing_lines": [225], "excluded_lines": [], "start_line": 223}, "RenderableCADBackend.available_views": {"executed_lines": [], "summary": {"covered_lines": 0, "num_statements": 0, "percent_covered": 100.0, "percent_covered_display": "100", "missing_lines": 0, "excluded_lines": 11, "percent_statements_covered": 100.0, "percent_statements_covered_display": "100"}, "missing_lines": [], "excluded_lines": [229, 230, 231, 232, 233, 234, 235, 236, 237, 238, 239], "start_line": 228}, "RenderableCADBackend.load_view": {"executed_lines": [], "summary": {"covered_lines": 0, "num_statements": 0, "percent_covered": 100.0, "percent_covered_display": "100", "missing_lines": 0, "excluded_lines": 13, "percent_statements_covered": 100.0, "percent_statements_covered_display": "100"}, "missing_lines": [], "excluded_lines": [243, 244, 245, 246, 247, 248, 249, 250, 251, 252, 253, 254, 255], "start_line": 242}, "RenderableCADBackend.render_view": {"executed_lines": [], "summary": {"covered_lines": 0, "num_statements": 0, "percent_covered": 100.0, "percent_covered_display": "100", "missing_lines": 0, "excluded_lines": 14, "percent_statements_covered": 100.0, "percent_statements_covered_display": "100"}, "missing_lines": [], "excluded_lines": [263, 264, 265, 266, 267, 268, 269, 270, 271, 272, 273, 274, 275, 276], "start_line": 258}, "CADViewBackend.__init__": {"executed_lines": [], "summary": {"covered_lines": 0, "num_statements": 3, "percent_covered": 0.0, "percent_covered_display": "0", "missing_lines": 3, "excluded_lines": 0, "percent_statements_covered": 0.0, "percent_statements_covered_display": "0"}, "missing_lines": [301, 302, 304], "excluded_lines": [], "start_line": 290}, "CADViewBackend.render": {"executed_lines": [], "summary": {"covered_lines": 0, "num_statements": 0, "percent_covered": 100.0, "percent_covered_display": "100", "missing_lines": 0, "excluded_lines": 9, "percent_statements_covered": 100.0, "percent_statements_covered_display": "100"}, "missing_lines": [], "excluded_lines": [310, 311, 312, 313, 314, 315, 316, 317, 318], "start_line": 309}, "CADViewBackend.get_camera_parameters": {"executed_lines": [], "summary": {"covered_lines": 0, "num_statements": 0, "percent_covered": 100.0, "percent_covered_display": "100", "missing_lines": 0, "excluded_lines": 14, "percent_statements_covered": 100.0, "percent_statements_covered_display": "100"}, "missing_lines": [], "excluded_lines": [322, 323, 324, 325, 326, 327, 328, 329, 330, 331, 332, 333, 334, 335], "start_line": 321}, "": {"executed_lines": [25, 27, 28, 29, 30, 31, 32, 34, 36, 39, 54, 135, 136, 144, 156, 171, 172, 205, 222, 223, 279, 290], "summary": {"covered_lines": 22, "num_statements": 22, "percent_covered": 100.0, "percent_covered_display": "100", "missing_lines": 0, "excluded_lines": 27, "percent_statements_covered": 100.0, "percent_statements_covered_display": "100"}, "missing_lines": [], "excluded_lines": [78, 79, 80, 93, 94, 95, 108, 109, 110, 122, 123, 176, 177, 227, 228, 241, 242, 257, 258, 259, 260, 261, 262, 308, 309, 320, 321], "start_line": 1}}, "classes": {"AbstractCADBackend": {"executed_lines": [], "summary": {"covered_lines": 0, "num_statements": 8, "percent_covered": 0.0, "percent_covered_display": "0", "missing_lines": 8, "excluded_lines": 42, "percent_statements_covered": 0.0, "percent_statements_covered_display": "0"}, "missing_lines": [67, 68, 69, 70, 71, 73, 142, 153], "excluded_lines": [81, 82, 83, 84, 85, 86, 87, 88, 89, 90, 91, 96, 97, 98, 99, 100, 101, 102, 103, 104, 105, 106, 111, 112, 113, 114, 115, 116, 117, 118, 119, 120, 124, 125, 126, 127, 128, 129, 130, 131, 132, 133], "start_line": 39}, "DeclarativeCADBackend": {"executed_lines": [], "summary": {"covered_lines": 0, "num_statements": 1, "percent_covered": 0.0, "percent_covered_display": "0", "missing_lines": 1, "excluded_lines": 25, "percent_statements_covered": 0.0, "percent_statements_covered_display": "0"}, "missing_lines": [174], "excluded_lines": [178, 179, 180, 181, 182, 183, 184, 185, 186, 187, 188, 189, 190, 191, 192, 193, 194, 195, 196, 197, 198, 199, 200, 201, 202], "start_line": 156}, "RenderableCADBackend": {"executed_lines": [], "summary": {"covered_lines": 0, "num_statements": 1, "percent_covered": 0.0, "percent_covered_display": "0", "missing_lines": 1, "excluded_lines": 38, "percent_statements_covered": 0.0, "percent_statements_covered_display": "0"}, "missing_lines": [225], "excluded_lines": [229, 230, 231, 232, 233, 234, 235, 236, 237, 238, 239, 243, 244, 245, 246, 247, 248, 249, 250, 251, 252, 253, 254, 255, 263, 264, 265, 266, 267, 268, 269, 270, 271, 272, 273, 274, 275, 276], "start_line": 205}, "CADViewBackend": {"executed_lines": [], "summary": {"covered_lines": 0, "num_statements": 3, "percent_covered": 0.0, "percent_covered_display": "0", "missing_lines": 3, "excluded_lines": 23, "percent_statements_covered": 0.0, "percent_statements_covered_display": "0"}, "missing_lines": [301, 302, 304], "excluded_lines": [310, 311, 312, 313, 314, 315, 316, 317, 318, 322, 323, 324, 325, 326, 327, 328, 329, 330, 331, 332, 333, 334, 335], "start_line": 279}, "": {"executed_lines": [25, 27, 28, 29, 30, 31, 32, 34, 36, 39, 54, 135, 136, 144, 156, 171, 172, 205, 222, 223, 279, 290], "summary": {"covered_lines": 22, "num_statements": 22, "percent_covered": 100.0, "percent_covered_display": "100", "missing_lines": 0, "excluded_lines": 27, "percent_statements_covered": 100.0, "percent_statements_covered_display": "100"}, "missing_lines": [], "excluded_lines": [78, 79, 80, 93, 94, 95, 108, 109, 110, 122, 123, 176, 177, 227, 228, 241, 242, 257, 258, 259, 260, 261, 262, 308, 309, 320, 321], "start_line": 1}}}, "cadling/backend/brep/__init__.py": {"executed_lines": [], "summary": {"covered_lines": 0, "num_statements": 2, "percent_covered": 0.0, "percent_covered_display": "0", "missing_lines": 2, "excluded_lines": 0, "percent_statements_covered": 0.0, "percent_statements_covered_display": "0"}, "missing_lines": [10, 12], "excluded_lines": [], "functions": {"": {"executed_lines": [], "summary": {"covered_lines": 0, "num_statements": 2, "percent_covered": 0.0, "percent_covered_display": "0", "missing_lines": 2, "excluded_lines": 0, "percent_statements_covered": 0.0, "percent_statements_covered_display": "0"}, "missing_lines": [10, 12], "excluded_lines": [], "start_line": 1}}, "classes": {"": {"executed_lines": [], "summary": {"covered_lines": 0, "num_statements": 2, "percent_covered": 0.0, "percent_covered_display": "0", "missing_lines": 2, "excluded_lines": 0, "percent_statements_covered": 0.0, "percent_statements_covered_display": "0"}, "missing_lines": [10, 12], "excluded_lines": [], "start_line": 1}}}, "cadling/backend/brep/brep_backend.py": {"executed_lines": [], "summary": {"covered_lines": 0, "num_statements": 311, "percent_covered": 0.0, "percent_covered_display": "0", "missing_lines": 311, "excluded_lines": 0, "percent_statements_covered": 0.0, "percent_statements_covered_display": "0"}, "missing_lines": [9, 11, 12, 13, 14, 16, 18, 24, 29, 31, 34, 51, 58, 61, 62, 63, 66, 67, 68, 70, 71, 72, 73, 77, 82, 83, 85, 87, 88, 90, 92, 93, 95, 96, 98, 99, 100, 102, 104, 106, 107, 108, 109, 110, 112, 114, 115, 117, 118, 119, 120, 122, 123, 124, 126, 128, 129, 130, 132, 134, 135, 137, 138, 139, 140, 142, 143, 146, 148, 150, 151, 152, 153, 155, 157, 159, 161, 165, 166, 168, 169, 171, 173, 174, 175, 177, 179, 180, 182, 183, 190, 191, 192, 193, 194, 196, 199, 208, 209, 210, 211, 214, 215, 216, 217, 220, 221, 222, 223, 226, 227, 228, 229, 232, 233, 234, 235, 238, 239, 240, 241, 244, 245, 248, 249, 250, 252, 271, 277, 279, 280, 281, 283, 292, 293, 300, 302, 303, 304, 306, 309, 310, 311, 312, 313, 314, 318, 319, 320, 321, 324, 325, 326, 327, 328, 329, 331, 334, 335, 336, 337, 340, 341, 342, 343, 344, 345, 346, 348, 351, 352, 353, 354, 357, 358, 359, 360, 361, 362, 363, 365, 368, 369, 370, 371, 374, 375, 376, 377, 378, 379, 380, 382, 385, 387, 391, 397, 405, 408, 411, 414, 420, 423, 424, 434, 443, 445, 447, 449, 451, 452, 454, 465, 467, 468, 473, 475, 477, 478, 481, 484, 486, 487, 489, 491, 492, 493, 494, 495, 496, 497, 500, 502, 505, 506, 509, 512, 513, 516, 519, 522, 525, 528, 531, 532, 533, 534, 537, 538, 540, 542, 545, 548, 549, 551, 553, 557, 558, 559, 560, 561, 563, 564, 566, 567, 568, 569, 574, 576, 583, 584, 585, 586, 587, 588, 589, 590, 591, 592, 593, 594, 595, 596, 597, 598, 599, 600, 603, 605, 611, 612, 613, 614, 617, 618, 619, 620, 621, 622, 625, 626, 627, 628, 629, 630, 632, 634, 635, 637, 639, 690], "excluded_lines": [], "functions": {"BRepBackend.__init__": {"executed_lines": [], "summary": {"covered_lines": 0, "num_statements": 12, "percent_covered": 0.0, "percent_covered_display": "0", "missing_lines": 12, "excluded_lines": 0, "percent_statements_covered": 0.0, "percent_statements_covered_display": "0"}, "missing_lines": [58, 61, 62, 63, 66, 67, 68, 70, 71, 72, 73, 77], "excluded_lines": [], "start_line": 51}, "BRepBackend.supported_formats": {"executed_lines": [], "summary": {"covered_lines": 0, "num_statements": 1, "percent_covered": 0.0, "percent_covered_display": "0", "missing_lines": 1, "excluded_lines": 0, "percent_statements_covered": 0.0, "percent_statements_covered_display": "0"}, "missing_lines": [85], "excluded_lines": [], "start_line": 83}, "BRepBackend.supports_text_parsing": {"executed_lines": [], "summary": {"covered_lines": 0, "num_statements": 1, "percent_covered": 0.0, "percent_covered_display": "0", "missing_lines": 1, "excluded_lines": 0, "percent_statements_covered": 0.0, "percent_statements_covered_display": "0"}, "missing_lines": [90], "excluded_lines": [], "start_line": 88}, "BRepBackend.supports_rendering": {"executed_lines": [], "summary": {"covered_lines": 0, "num_statements": 5, "percent_covered": 0.0, "percent_covered_display": "0", "missing_lines": 5, "excluded_lines": 0, "percent_statements_covered": 0.0, "percent_statements_covered_display": "0"}, "missing_lines": [95, 96, 98, 99, 100], "excluded_lines": [], "start_line": 93}, "BRepBackend.is_valid": {"executed_lines": [], "summary": {"covered_lines": 0, "num_statements": 6, "percent_covered": 0.0, "percent_covered_display": "0", "missing_lines": 6, "excluded_lines": 0, "percent_statements_covered": 0.0, "percent_statements_covered_display": "0"}, "missing_lines": [104, 106, 107, 108, 109, 110], "excluded_lines": [], "start_line": 102}, "BRepBackend._read_file_content": {"executed_lines": [], "summary": {"covered_lines": 0, "num_statements": 13, "percent_covered": 0.0, "percent_covered_display": "0", "missing_lines": 13, "excluded_lines": 0, "percent_statements_covered": 0.0, "percent_statements_covered_display": "0"}, "missing_lines": [114, 115, 117, 118, 119, 120, 122, 123, 124, 126, 128, 129, 130], "excluded_lines": [], "start_line": 112}, "BRepBackend._load_shape": {"executed_lines": [], "summary": {"covered_lines": 0, "num_statements": 26, "percent_covered": 0.0, "percent_covered_display": "0", "missing_lines": 26, "excluded_lines": 0, "percent_statements_covered": 0.0, "percent_statements_covered_display": "0"}, "missing_lines": [134, 135, 137, 138, 139, 140, 142, 143, 146, 148, 150, 151, 152, 153, 155, 157, 159, 161, 165, 166, 168, 169, 171, 173, 174, 175], "excluded_lines": [], "start_line": 132}, "BRepBackend._analyze_topology": {"executed_lines": [], "summary": {"covered_lines": 0, "num_statements": 46, "percent_covered": 0.0, "percent_covered_display": "0", "missing_lines": 46, "excluded_lines": 0, "percent_statements_covered": 0.0, "percent_statements_covered_display": "0"}, "missing_lines": [179, 180, 182, 183, 190, 191, 192, 193, 194, 196, 199, 208, 209, 210, 211, 214, 215, 216, 217, 220, 221, 222, 223, 226, 227, 228, 229, 232, 233, 234, 235, 238, 239, 240, 241, 244, 245, 248, 249, 250, 252, 271, 277, 279, 280, 281], "excluded_lines": [], "start_line": 177}, "BRepBackend._build_topology_graph": {"executed_lines": [], "summary": {"covered_lines": 0, "num_statements": 57, "percent_covered": 0.0, "percent_covered_display": "0", "missing_lines": 57, "excluded_lines": 0, "percent_statements_covered": 0.0, "percent_statements_covered_display": "0"}, "missing_lines": [292, 293, 300, 302, 303, 304, 306, 318, 319, 320, 321, 324, 325, 326, 327, 328, 329, 331, 334, 335, 336, 337, 340, 341, 342, 343, 344, 345, 346, 348, 351, 352, 353, 354, 357, 358, 359, 360, 361, 362, 363, 365, 368, 369, 370, 371, 374, 375, 376, 377, 378, 379, 380, 382, 385, 387, 391], "excluded_lines": [], "start_line": 283}, "BRepBackend._build_topology_graph.get_or_create_id": {"executed_lines": [], "summary": {"covered_lines": 0, "num_statements": 6, "percent_covered": 0.0, "percent_covered_display": "0", "missing_lines": 6, "excluded_lines": 0, "percent_statements_covered": 0.0, "percent_statements_covered_display": "0"}, "missing_lines": [309, 310, 311, 312, 313, 314], "excluded_lines": [], "start_line": 306}, "BRepBackend.convert": {"executed_lines": [], "summary": {"covered_lines": 0, "num_statements": 11, "percent_covered": 0.0, "percent_covered_display": "0", "missing_lines": 11, "excluded_lines": 0, "percent_statements_covered": 0.0, "percent_statements_covered_display": "0"}, "missing_lines": [405, 408, 411, 414, 420, 423, 424, 434, 443, 445, 447], "excluded_lines": [], "start_line": 397}, "BRepBackend.available_views": {"executed_lines": [], "summary": {"covered_lines": 0, "num_statements": 3, "percent_covered": 0.0, "percent_covered_display": "0", "missing_lines": 3, "excluded_lines": 0, "percent_statements_covered": 0.0, "percent_statements_covered_display": "0"}, "missing_lines": [451, 452, 454], "excluded_lines": [], "start_line": 449}, "BRepBackend.load_view": {"executed_lines": [], "summary": {"covered_lines": 0, "num_statements": 3, "percent_covered": 0.0, "percent_covered_display": "0", "missing_lines": 3, "excluded_lines": 0, "percent_statements_covered": 0.0, "percent_statements_covered_display": "0"}, "missing_lines": [467, 468, 473], "excluded_lines": [], "start_line": 465}, "BRepBackend.render_view": {"executed_lines": [], "summary": {"covered_lines": 0, "num_statements": 2, "percent_covered": 0.0, "percent_covered_display": "0", "missing_lines": 2, "excluded_lines": 0, "percent_statements_covered": 0.0, "percent_statements_covered_display": "0"}, "missing_lines": [477, 478], "excluded_lines": [], "start_line": 475}, "BRepViewBackend.__init__": {"executed_lines": [], "summary": {"covered_lines": 0, "num_statements": 2, "percent_covered": 0.0, "percent_covered_display": "0", "missing_lines": 2, "excluded_lines": 0, "percent_statements_covered": 0.0, "percent_statements_covered_display": "0"}, "missing_lines": [486, 487], "excluded_lines": [], "start_line": 484}, "BRepViewBackend.render": {"executed_lines": [], "summary": {"covered_lines": 0, "num_statements": 44, "percent_covered": 0.0, "percent_covered_display": "0", "missing_lines": 44, "excluded_lines": 0, "percent_statements_covered": 0.0, "percent_statements_covered_display": "0"}, "missing_lines": [491, 492, 493, 494, 495, 496, 497, 500, 502, 505, 506, 509, 512, 513, 516, 519, 522, 525, 528, 531, 532, 533, 534, 537, 538, 540, 542, 545, 548, 549, 551, 553, 557, 558, 559, 560, 561, 563, 564, 566, 567, 568, 569, 574], "excluded_lines": [], "start_line": 489}, "BRepViewBackend._set_view_orientation": {"executed_lines": [], "summary": {"covered_lines": 0, "num_statements": 19, "percent_covered": 0.0, "percent_covered_display": "0", "missing_lines": 19, "excluded_lines": 0, "percent_statements_covered": 0.0, "percent_statements_covered_display": "0"}, "missing_lines": [583, 584, 585, 586, 587, 588, 589, 590, 591, 592, 593, 594, 595, 596, 597, 598, 599, 600, 603], "excluded_lines": [], "start_line": 576}, "BRepViewBackend._add_lighting": {"executed_lines": [], "summary": {"covered_lines": 0, "num_statements": 19, "percent_covered": 0.0, "percent_covered_display": "0", "missing_lines": 19, "excluded_lines": 0, "percent_statements_covered": 0.0, "percent_statements_covered_display": "0"}, "missing_lines": [611, 612, 613, 614, 617, 618, 619, 620, 621, 622, 625, 626, 627, 628, 629, 630, 632, 634, 635], "excluded_lines": [], "start_line": 605}, "BRepViewBackend.get_camera_parameters": {"executed_lines": [], "summary": {"covered_lines": 0, "num_statements": 2, "percent_covered": 0.0, "percent_covered_display": "0", "missing_lines": 2, "excluded_lines": 0, "percent_statements_covered": 0.0, "percent_statements_covered_display": "0"}, "missing_lines": [639, 690], "excluded_lines": [], "start_line": 637}, "": {"executed_lines": [], "summary": {"covered_lines": 0, "num_statements": 33, "percent_covered": 0.0, "percent_covered_display": "0", "missing_lines": 33, "excluded_lines": 0, "percent_statements_covered": 0.0, "percent_statements_covered_display": "0"}, "missing_lines": [9, 11, 12, 13, 14, 16, 18, 24, 29, 31, 34, 51, 82, 83, 87, 88, 92, 93, 102, 112, 132, 177, 283, 397, 449, 465, 475, 481, 484, 489, 576, 605, 637], "excluded_lines": [], "start_line": 1}}, "classes": {"BRepBackend": {"executed_lines": [], "summary": {"covered_lines": 0, "num_statements": 192, "percent_covered": 0.0, "percent_covered_display": "0", "missing_lines": 192, "excluded_lines": 0, "percent_statements_covered": 0.0, "percent_statements_covered_display": "0"}, "missing_lines": [58, 61, 62, 63, 66, 67, 68, 70, 71, 72, 73, 77, 85, 90, 95, 96, 98, 99, 100, 104, 106, 107, 108, 109, 110, 114, 115, 117, 118, 119, 120, 122, 123, 124, 126, 128, 129, 130, 134, 135, 137, 138, 139, 140, 142, 143, 146, 148, 150, 151, 152, 153, 155, 157, 159, 161, 165, 166, 168, 169, 171, 173, 174, 175, 179, 180, 182, 183, 190, 191, 192, 193, 194, 196, 199, 208, 209, 210, 211, 214, 215, 216, 217, 220, 221, 222, 223, 226, 227, 228, 229, 232, 233, 234, 235, 238, 239, 240, 241, 244, 245, 248, 249, 250, 252, 271, 277, 279, 280, 281, 292, 293, 300, 302, 303, 304, 306, 309, 310, 311, 312, 313, 314, 318, 319, 320, 321, 324, 325, 326, 327, 328, 329, 331, 334, 335, 336, 337, 340, 341, 342, 343, 344, 345, 346, 348, 351, 352, 353, 354, 357, 358, 359, 360, 361, 362, 363, 365, 368, 369, 370, 371, 374, 375, 376, 377, 378, 379, 380, 382, 385, 387, 391, 405, 408, 411, 414, 420, 423, 424, 434, 443, 445, 447, 451, 452, 454, 467, 468, 473, 477, 478], "excluded_lines": [], "start_line": 34}, "BRepViewBackend": {"executed_lines": [], "summary": {"covered_lines": 0, "num_statements": 86, "percent_covered": 0.0, "percent_covered_display": "0", "missing_lines": 86, "excluded_lines": 0, "percent_statements_covered": 0.0, "percent_statements_covered_display": "0"}, "missing_lines": [486, 487, 491, 492, 493, 494, 495, 496, 497, 500, 502, 505, 506, 509, 512, 513, 516, 519, 522, 525, 528, 531, 532, 533, 534, 537, 538, 540, 542, 545, 548, 549, 551, 553, 557, 558, 559, 560, 561, 563, 564, 566, 567, 568, 569, 574, 583, 584, 585, 586, 587, 588, 589, 590, 591, 592, 593, 594, 595, 596, 597, 598, 599, 600, 603, 611, 612, 613, 614, 617, 618, 619, 620, 621, 622, 625, 626, 627, 628, 629, 630, 632, 634, 635, 639, 690], "excluded_lines": [], "start_line": 481}, "": {"executed_lines": [], "summary": {"covered_lines": 0, "num_statements": 33, "percent_covered": 0.0, "percent_covered_display": "0", "missing_lines": 33, "excluded_lines": 0, "percent_statements_covered": 0.0, "percent_statements_covered_display": "0"}, "missing_lines": [9, 11, 12, 13, 14, 16, 18, 24, 29, 31, 34, 51, 82, 83, 87, 88, 92, 93, 102, 112, 132, 177, 283, 397, 449, 465, 475, 481, 484, 489, 576, 605, 637], "excluded_lines": [], "start_line": 1}}}, "cadling/backend/brep_backend.py": {"executed_lines": [], "summary": {"covered_lines": 0, "num_statements": 143, "percent_covered": 0.0, "percent_covered_display": "0", "missing_lines": 143, "excluded_lines": 0, "percent_statements_covered": 0.0, "percent_statements_covered_display": "0"}, "missing_lines": [11, 13, 14, 15, 16, 18, 20, 25, 26, 33, 36, 48, 55, 58, 59, 60, 62, 63, 64, 65, 71, 73, 74, 76, 78, 79, 81, 82, 84, 85, 86, 88, 89, 91, 93, 96, 98, 100, 102, 114, 115, 116, 117, 118, 119, 121, 123, 125, 126, 128, 129, 130, 131, 133, 134, 137, 139, 141, 144, 145, 146, 147, 149, 150, 152, 154, 156, 157, 159, 160, 161, 163, 164, 168, 169, 170, 172, 174, 175, 176, 179, 190, 192, 193, 198, 200, 204, 205, 208, 211, 213, 214, 216, 228, 229, 230, 231, 232, 233, 236, 238, 239, 242, 243, 246, 249, 252, 255, 256, 257, 258, 259, 260, 261, 262, 263, 264, 265, 266, 267, 268, 269, 271, 274, 277, 280, 283, 286, 288, 289, 290, 291, 293, 295, 296, 298, 299, 303, 305, 306, 311, 314, 357], "excluded_lines": [], "functions": {"BRepBackend.__init__": {"executed_lines": [], "summary": {"covered_lines": 0, "num_statements": 9, "percent_covered": 0.0, "percent_covered_display": "0", "missing_lines": 9, "excluded_lines": 0, "percent_statements_covered": 0.0, "percent_statements_covered_display": "0"}, "missing_lines": [55, 58, 59, 60, 62, 63, 64, 65, 71], "excluded_lines": [], "start_line": 48}, "BRepBackend.supports_text_parsing": {"executed_lines": [], "summary": {"covered_lines": 0, "num_statements": 1, "percent_covered": 0.0, "percent_covered_display": "0", "missing_lines": 1, "excluded_lines": 0, "percent_statements_covered": 0.0, "percent_statements_covered_display": "0"}, "missing_lines": [76], "excluded_lines": [], "start_line": 74}, "BRepBackend.supports_rendering": {"executed_lines": [], "summary": {"covered_lines": 0, "num_statements": 5, "percent_covered": 0.0, "percent_covered_display": "0", "missing_lines": 5, "excluded_lines": 0, "percent_statements_covered": 0.0, "percent_statements_covered_display": "0"}, "missing_lines": [81, 82, 84, 85, 86], "excluded_lines": [], "start_line": 79}, "BRepBackend.supported_formats": {"executed_lines": [], "summary": {"covered_lines": 0, "num_statements": 1, "percent_covered": 0.0, "percent_covered_display": "0", "missing_lines": 1, "excluded_lines": 0, "percent_statements_covered": 0.0, "percent_statements_covered_display": "0"}, "missing_lines": [91], "excluded_lines": [], "start_line": 89}, "BRepBackend.is_valid": {"executed_lines": [], "summary": {"covered_lines": 0, "num_statements": 1, "percent_covered": 0.0, "percent_covered_display": "0", "missing_lines": 1, "excluded_lines": 0, "percent_statements_covered": 0.0, "percent_statements_covered_display": "0"}, "missing_lines": [96], "excluded_lines": [], "start_line": 93}, "BRepBackend.convert": {"executed_lines": [], "summary": {"covered_lines": 0, "num_statements": 9, "percent_covered": 0.0, "percent_covered_display": "0", "missing_lines": 9, "excluded_lines": 0, "percent_statements_covered": 0.0, "percent_statements_covered_display": "0"}, "missing_lines": [100, 102, 114, 115, 116, 117, 118, 119, 121], "excluded_lines": [], "start_line": 98}, "BRepBackend._load_shape": {"executed_lines": [], "summary": {"covered_lines": 0, "num_statements": 29, "percent_covered": 0.0, "percent_covered_display": "0", "missing_lines": 29, "excluded_lines": 0, "percent_statements_covered": 0.0, "percent_statements_covered_display": "0"}, "missing_lines": [125, 126, 128, 129, 130, 131, 133, 134, 137, 139, 141, 144, 145, 146, 147, 149, 150, 152, 154, 156, 157, 159, 160, 161, 163, 164, 168, 169, 170], "excluded_lines": [], "start_line": 123}, "BRepBackend.available_views": {"executed_lines": [], "summary": {"covered_lines": 0, "num_statements": 4, "percent_covered": 0.0, "percent_covered_display": "0", "missing_lines": 4, "excluded_lines": 0, "percent_statements_covered": 0.0, "percent_statements_covered_display": "0"}, "missing_lines": [174, 175, 176, 179], "excluded_lines": [], "start_line": 172}, "BRepBackend.load_view": {"executed_lines": [], "summary": {"covered_lines": 0, "num_statements": 3, "percent_covered": 0.0, "percent_covered_display": "0", "missing_lines": 3, "excluded_lines": 0, "percent_statements_covered": 0.0, "percent_statements_covered_display": "0"}, "missing_lines": [192, 193, 198], "excluded_lines": [], "start_line": 190}, "BRepBackend.render_view": {"executed_lines": [], "summary": {"covered_lines": 0, "num_statements": 2, "percent_covered": 0.0, "percent_covered_display": "0", "missing_lines": 2, "excluded_lines": 0, "percent_statements_covered": 0.0, "percent_statements_covered_display": "0"}, "missing_lines": [204, 205], "excluded_lines": [], "start_line": 200}, "BRepViewBackend.__init__": {"executed_lines": [], "summary": {"covered_lines": 0, "num_statements": 2, "percent_covered": 0.0, "percent_covered_display": "0", "missing_lines": 2, "excluded_lines": 0, "percent_statements_covered": 0.0, "percent_statements_covered_display": "0"}, "missing_lines": [213, 214], "excluded_lines": [], "start_line": 211}, "BRepViewBackend.render": {"executed_lines": [], "summary": {"covered_lines": 0, "num_statements": 47, "percent_covered": 0.0, "percent_covered_display": "0", "missing_lines": 47, "excluded_lines": 0, "percent_statements_covered": 0.0, "percent_statements_covered_display": "0"}, "missing_lines": [228, 229, 230, 231, 232, 233, 236, 238, 239, 242, 243, 246, 249, 252, 255, 256, 257, 258, 259, 260, 261, 262, 263, 264, 265, 266, 267, 268, 269, 271, 274, 277, 280, 283, 286, 288, 289, 290, 291, 293, 295, 296, 298, 299, 303, 305, 306], "excluded_lines": [], "start_line": 216}, "BRepViewBackend.get_camera_parameters": {"executed_lines": [], "summary": {"covered_lines": 0, "num_statements": 2, "percent_covered": 0.0, "percent_covered_display": "0", "missing_lines": 2, "excluded_lines": 0, "percent_statements_covered": 0.0, "percent_statements_covered_display": "0"}, "missing_lines": [314, 357], "excluded_lines": [], "start_line": 311}, "": {"executed_lines": [], "summary": {"covered_lines": 0, "num_statements": 28, "percent_covered": 0.0, "percent_covered_display": "0", "missing_lines": 28, "excluded_lines": 0, "percent_statements_covered": 0.0, "percent_statements_covered_display": "0"}, "missing_lines": [11, 13, 14, 15, 16, 18, 20, 25, 26, 33, 36, 48, 73, 74, 78, 79, 88, 89, 93, 98, 123, 172, 190, 200, 208, 211, 216, 311], "excluded_lines": [], "start_line": 1}}, "classes": {"BRepBackend": {"executed_lines": [], "summary": {"covered_lines": 0, "num_statements": 64, "percent_covered": 0.0, "percent_covered_display": "0", "missing_lines": 64, "excluded_lines": 0, "percent_statements_covered": 0.0, "percent_statements_covered_display": "0"}, "missing_lines": [55, 58, 59, 60, 62, 63, 64, 65, 71, 76, 81, 82, 84, 85, 86, 91, 96, 100, 102, 114, 115, 116, 117, 118, 119, 121, 125, 126, 128, 129, 130, 131, 133, 134, 137, 139, 141, 144, 145, 146, 147, 149, 150, 152, 154, 156, 157, 159, 160, 161, 163, 164, 168, 169, 170, 174, 175, 176, 179, 192, 193, 198, 204, 205], "excluded_lines": [], "start_line": 36}, "BRepViewBackend": {"executed_lines": [], "summary": {"covered_lines": 0, "num_statements": 51, "percent_covered": 0.0, "percent_covered_display": "0", "missing_lines": 51, "excluded_lines": 0, "percent_statements_covered": 0.0, "percent_statements_covered_display": "0"}, "missing_lines": [213, 214, 228, 229, 230, 231, 232, 233, 236, 238, 239, 242, 243, 246, 249, 252, 255, 256, 257, 258, 259, 260, 261, 262, 263, 264, 265, 266, 267, 268, 269, 271, 274, 277, 280, 283, 286, 288, 289, 290, 291, 293, 295, 296, 298, 299, 303, 305, 306, 314, 357], "excluded_lines": [], "start_line": 208}, "": {"executed_lines": [], "summary": {"covered_lines": 0, "num_statements": 28, "percent_covered": 0.0, "percent_covered_display": "0", "missing_lines": 28, "excluded_lines": 0, "percent_statements_covered": 0.0, "percent_statements_covered_display": "0"}, "missing_lines": [11, 13, 14, 15, 16, 18, 20, 25, 26, 33, 36, 48, 73, 74, 78, 79, 88, 89, 93, 98, 123, 172, 190, 200, 208, 211, 216, 311], "excluded_lines": [], "start_line": 1}}}, "cadling/backend/cadling_parse_backend.py": {"executed_lines": [], "summary": {"covered_lines": 0, "num_statements": 41, "percent_covered": 0.0, "percent_covered_display": "0", "missing_lines": 41, "excluded_lines": 0, "percent_statements_covered": 0.0, "percent_statements_covered_display": "0"}, "missing_lines": [11, 13, 14, 15, 17, 18, 20, 23, 39, 40, 46, 48, 49, 55, 57, 58, 64, 66, 72, 73, 74, 77, 78, 79, 80, 82, 95, 100, 103, 115, 116, 117, 119, 120, 123, 133, 135, 140, 142, 148, 150], "excluded_lines": [], "functions": {"CADlingParseBackend.supports_text_parsing": {"executed_lines": [], "summary": {"covered_lines": 0, "num_statements": 1, "percent_covered": 0.0, "percent_covered_display": "0", "missing_lines": 1, "excluded_lines": 0, "percent_statements_covered": 0.0, "percent_statements_covered_display": "0"}, "missing_lines": [46], "excluded_lines": [], "start_line": 40}, "CADlingParseBackend.supports_rendering": {"executed_lines": [], "summary": {"covered_lines": 0, "num_statements": 1, "percent_covered": 0.0, "percent_covered_display": "0", "missing_lines": 1, "excluded_lines": 0, "percent_statements_covered": 0.0, "percent_statements_covered_display": "0"}, "missing_lines": [55], "excluded_lines": [], "start_line": 49}, "CADlingParseBackend.supported_formats": {"executed_lines": [], "summary": {"covered_lines": 0, "num_statements": 1, "percent_covered": 0.0, "percent_covered_display": "0", "missing_lines": 1, "excluded_lines": 0, "percent_statements_covered": 0.0, "percent_statements_covered_display": "0"}, "missing_lines": [64], "excluded_lines": [], "start_line": 58}, "CADlingParseBackend.is_valid": {"executed_lines": [], "summary": {"covered_lines": 0, "num_statements": 7, "percent_covered": 0.0, "percent_covered_display": "0", "missing_lines": 7, "excluded_lines": 0, "percent_statements_covered": 0.0, "percent_statements_covered_display": "0"}, "missing_lines": [72, 73, 74, 77, 78, 79, 80], "excluded_lines": [], "start_line": 66}, "CADlingParseBackend.convert": {"executed_lines": [], "summary": {"covered_lines": 0, "num_statements": 12, "percent_covered": 0.0, "percent_covered_display": "0", "missing_lines": 12, "excluded_lines": 0, "percent_statements_covered": 0.0, "percent_statements_covered_display": "0"}, "missing_lines": [95, 100, 103, 115, 116, 117, 119, 120, 123, 133, 135, 140], "excluded_lines": [], "start_line": 82}, "CADlingParseBackend._get_default_options": {"executed_lines": [], "summary": {"covered_lines": 0, "num_statements": 2, "percent_covered": 0.0, "percent_covered_display": "0", "missing_lines": 2, "excluded_lines": 0, "percent_statements_covered": 0.0, "percent_statements_covered_display": "0"}, "missing_lines": [148, 150], "excluded_lines": [], "start_line": 142}, "": {"executed_lines": [], "summary": {"covered_lines": 0, "num_statements": 17, "percent_covered": 0.0, "percent_covered_display": "0", "missing_lines": 17, "excluded_lines": 0, "percent_statements_covered": 0.0, "percent_statements_covered_display": "0"}, "missing_lines": [11, 13, 14, 15, 17, 18, 20, 23, 39, 40, 48, 49, 57, 58, 66, 82, 142], "excluded_lines": [], "start_line": 1}}, "classes": {"CADlingParseBackend": {"executed_lines": [], "summary": {"covered_lines": 0, "num_statements": 24, "percent_covered": 0.0, "percent_covered_display": "0", "missing_lines": 24, "excluded_lines": 0, "percent_statements_covered": 0.0, "percent_statements_covered_display": "0"}, "missing_lines": [46, 55, 64, 72, 73, 74, 77, 78, 79, 80, 95, 100, 103, 115, 116, 117, 119, 120, 123, 133, 135, 140, 148, 150], "excluded_lines": [], "start_line": 23}, "": {"executed_lines": [], "summary": {"covered_lines": 0, "num_statements": 17, "percent_covered": 0.0, "percent_covered_display": "0", "missing_lines": 17, "excluded_lines": 0, "percent_statements_covered": 0.0, "percent_statements_covered_display": "0"}, "missing_lines": [11, 13, 14, 15, 17, 18, 20, 23, 39, 40, 48, 49, 57, 58, 66, 82, 142], "excluded_lines": [], "start_line": 1}}}, "cadling/backend/iges_backend.py": {"executed_lines": [], "summary": {"covered_lines": 0, "num_statements": 178, "percent_covered": 0.0, "percent_covered_display": "0", "missing_lines": 178, "excluded_lines": 0, "percent_statements_covered": 0.0, "percent_statements_covered_display": "0"}, "missing_lines": [17, 19, 20, 21, 22, 23, 25, 27, 32, 33, 41, 44, 61, 74, 77, 78, 79, 80, 81, 84, 87, 88, 89, 91, 92, 93, 94, 99, 101, 102, 104, 106, 107, 109, 110, 112, 113, 114, 116, 117, 119, 121, 128, 130, 136, 139, 151, 154, 156, 159, 161, 162, 167, 168, 170, 172, 174, 180, 181, 182, 185, 186, 187, 189, 199, 201, 202, 203, 206, 208, 209, 210, 211, 212, 213, 214, 215, 217, 223, 229, 232, 233, 234, 237, 240, 241, 244, 266, 271, 274, 276, 278, 279, 281, 283, 285, 286, 288, 289, 290, 292, 293, 294, 297, 300, 301, 304, 306, 307, 308, 309, 310, 311, 313, 314, 315, 318, 319, 321, 322, 324, 325, 326, 328, 330, 331, 332, 343, 345, 346, 348, 350, 352, 353, 356, 359, 361, 362, 364, 366, 368, 369, 376, 377, 378, 379, 385, 386, 389, 390, 393, 396, 397, 398, 399, 400, 401, 402, 403, 404, 405, 406, 407, 408, 409, 410, 411, 413, 416, 417, 420, 421, 423, 425, 426, 431, 433, 443], "excluded_lines": [], "functions": {"IGESBackend.__init__": {"executed_lines": [], "summary": {"covered_lines": 0, "num_statements": 15, "percent_covered": 0.0, "percent_covered_display": "0", "missing_lines": 15, "excluded_lines": 0, "percent_statements_covered": 0.0, "percent_statements_covered_display": "0"}, "missing_lines": [74, 77, 78, 79, 80, 81, 84, 87, 88, 89, 91, 92, 93, 94, 99], "excluded_lines": [], "start_line": 61}, "IGESBackend.supports_text_parsing": {"executed_lines": [], "summary": {"covered_lines": 0, "num_statements": 1, "percent_covered": 0.0, "percent_covered_display": "0", "missing_lines": 1, "excluded_lines": 0, "percent_statements_covered": 0.0, "percent_statements_covered_display": "0"}, "missing_lines": [104], "excluded_lines": [], "start_line": 102}, "IGESBackend.supports_rendering": {"executed_lines": [], "summary": {"covered_lines": 0, "num_statements": 5, "percent_covered": 0.0, "percent_covered_display": "0", "missing_lines": 5, "excluded_lines": 0, "percent_statements_covered": 0.0, "percent_statements_covered_display": "0"}, "missing_lines": [109, 110, 112, 113, 114], "excluded_lines": [], "start_line": 107}, "IGESBackend.supported_formats": {"executed_lines": [], "summary": {"covered_lines": 0, "num_statements": 1, "percent_covered": 0.0, "percent_covered_display": "0", "missing_lines": 1, "excluded_lines": 0, "percent_statements_covered": 0.0, "percent_statements_covered_display": "0"}, "missing_lines": [119], "excluded_lines": [], "start_line": 117}, "IGESBackend.is_valid": {"executed_lines": [], "summary": {"covered_lines": 0, "num_statements": 1, "percent_covered": 0.0, "percent_covered_display": "0", "missing_lines": 1, "excluded_lines": 0, "percent_statements_covered": 0.0, "percent_statements_covered_display": "0"}, "missing_lines": [128], "excluded_lines": [], "start_line": 121}, "IGESBackend.convert": {"executed_lines": [], "summary": {"covered_lines": 0, "num_statements": 12, "percent_covered": 0.0, "percent_covered_display": "0", "missing_lines": 12, "excluded_lines": 0, "percent_statements_covered": 0.0, "percent_statements_covered_display": "0"}, "missing_lines": [136, 139, 151, 154, 156, 159, 161, 162, 167, 168, 170, 172], "excluded_lines": [], "start_line": 130}, "IGESBackend._load_iges_text": {"executed_lines": [], "summary": {"covered_lines": 0, "num_statements": 6, "percent_covered": 0.0, "percent_covered_display": "0", "missing_lines": 6, "excluded_lines": 0, "percent_statements_covered": 0.0, "percent_statements_covered_display": "0"}, "missing_lines": [180, 181, 182, 185, 186, 187], "excluded_lines": [], "start_line": 174}, "IGESBackend._parse_sections": {"executed_lines": [], "summary": {"covered_lines": 0, "num_statements": 14, "percent_covered": 0.0, "percent_covered_display": "0", "missing_lines": 14, "excluded_lines": 0, "percent_statements_covered": 0.0, "percent_statements_covered_display": "0"}, "missing_lines": [199, 201, 202, 203, 206, 208, 209, 210, 211, 212, 213, 214, 215, 217], "excluded_lines": [], "start_line": 189}, "IGESBackend._parse_entities": {"executed_lines": [], "summary": {"covered_lines": 0, "num_statements": 15, "percent_covered": 0.0, "percent_covered_display": "0", "missing_lines": 15, "excluded_lines": 0, "percent_statements_covered": 0.0, "percent_statements_covered_display": "0"}, "missing_lines": [229, 232, 233, 234, 237, 240, 241, 244, 266, 271, 274, 276, 278, 279, 281], "excluded_lines": [], "start_line": 223}, "IGESBackend._load_shape": {"executed_lines": [], "summary": {"covered_lines": 0, "num_statements": 28, "percent_covered": 0.0, "percent_covered_display": "0", "missing_lines": 28, "excluded_lines": 0, "percent_statements_covered": 0.0, "percent_statements_covered_display": "0"}, "missing_lines": [285, 286, 288, 289, 290, 292, 293, 294, 297, 300, 301, 304, 306, 307, 308, 309, 310, 311, 313, 314, 315, 318, 319, 321, 322, 324, 325, 326], "excluded_lines": [], "start_line": 283}, "IGESBackend.available_views": {"executed_lines": [], "summary": {"covered_lines": 0, "num_statements": 3, "percent_covered": 0.0, "percent_covered_display": "0", "missing_lines": 3, "excluded_lines": 0, "percent_statements_covered": 0.0, "percent_statements_covered_display": "0"}, "missing_lines": [330, 331, 332], "excluded_lines": [], "start_line": 328}, "IGESBackend.load_view": {"executed_lines": [], "summary": {"covered_lines": 0, "num_statements": 3, "percent_covered": 0.0, "percent_covered_display": "0", "missing_lines": 3, "excluded_lines": 0, "percent_statements_covered": 0.0, "percent_statements_covered_display": "0"}, "missing_lines": [345, 346, 348], "excluded_lines": [], "start_line": 343}, "IGESBackend.render_view": {"executed_lines": [], "summary": {"covered_lines": 0, "num_statements": 2, "percent_covered": 0.0, "percent_covered_display": "0", "missing_lines": 2, "excluded_lines": 0, "percent_statements_covered": 0.0, "percent_statements_covered_display": "0"}, "missing_lines": [352, 353], "excluded_lines": [], "start_line": 350}, "IGESViewBackend.__init__": {"executed_lines": [], "summary": {"covered_lines": 0, "num_statements": 2, "percent_covered": 0.0, "percent_covered_display": "0", "missing_lines": 2, "excluded_lines": 0, "percent_statements_covered": 0.0, "percent_statements_covered_display": "0"}, "missing_lines": [361, 362], "excluded_lines": [], "start_line": 359}, "IGESViewBackend.render": {"executed_lines": [], "summary": {"covered_lines": 0, "num_statements": 36, "percent_covered": 0.0, "percent_covered_display": "0", "missing_lines": 36, "excluded_lines": 0, "percent_statements_covered": 0.0, "percent_statements_covered_display": "0"}, "missing_lines": [366, 368, 369, 376, 377, 378, 379, 385, 386, 389, 390, 393, 396, 397, 398, 399, 400, 401, 402, 403, 404, 405, 406, 407, 408, 409, 410, 411, 413, 416, 417, 420, 421, 423, 425, 426], "excluded_lines": [], "start_line": 364}, "IGESViewBackend.get_camera_parameters": {"executed_lines": [], "summary": {"covered_lines": 0, "num_statements": 2, "percent_covered": 0.0, "percent_covered_display": "0", "missing_lines": 2, "excluded_lines": 0, "percent_statements_covered": 0.0, "percent_statements_covered_display": "0"}, "missing_lines": [433, 443], "excluded_lines": [], "start_line": 431}, "": {"executed_lines": [], "summary": {"covered_lines": 0, "num_statements": 32, "percent_covered": 0.0, "percent_covered_display": "0", "missing_lines": 32, "excluded_lines": 0, "percent_statements_covered": 0.0, "percent_statements_covered_display": "0"}, "missing_lines": [17, 19, 20, 21, 22, 23, 25, 27, 32, 33, 41, 44, 61, 101, 102, 106, 107, 116, 117, 121, 130, 174, 189, 223, 283, 328, 343, 350, 356, 359, 364, 431], "excluded_lines": [], "start_line": 1}}, "classes": {"IGESBackend": {"executed_lines": [], "summary": {"covered_lines": 0, "num_statements": 106, "percent_covered": 0.0, "percent_covered_display": "0", "missing_lines": 106, "excluded_lines": 0, "percent_statements_covered": 0.0, "percent_statements_covered_display": "0"}, "missing_lines": [74, 77, 78, 79, 80, 81, 84, 87, 88, 89, 91, 92, 93, 94, 99, 104, 109, 110, 112, 113, 114, 119, 128, 136, 139, 151, 154, 156, 159, 161, 162, 167, 168, 170, 172, 180, 181, 182, 185, 186, 187, 199, 201, 202, 203, 206, 208, 209, 210, 211, 212, 213, 214, 215, 217, 229, 232, 233, 234, 237, 240, 241, 244, 266, 271, 274, 276, 278, 279, 281, 285, 286, 288, 289, 290, 292, 293, 294, 297, 300, 301, 304, 306, 307, 308, 309, 310, 311, 313, 314, 315, 318, 319, 321, 322, 324, 325, 326, 330, 331, 332, 345, 346, 348, 352, 353], "excluded_lines": [], "start_line": 44}, "IGESViewBackend": {"executed_lines": [], "summary": {"covered_lines": 0, "num_statements": 40, "percent_covered": 0.0, "percent_covered_display": "0", "missing_lines": 40, "excluded_lines": 0, "percent_statements_covered": 0.0, "percent_statements_covered_display": "0"}, "missing_lines": [361, 362, 366, 368, 369, 376, 377, 378, 379, 385, 386, 389, 390, 393, 396, 397, 398, 399, 400, 401, 402, 403, 404, 405, 406, 407, 408, 409, 410, 411, 413, 416, 417, 420, 421, 423, 425, 426, 433, 443], "excluded_lines": [], "start_line": 356}, "": {"executed_lines": [], "summary": {"covered_lines": 0, "num_statements": 32, "percent_covered": 0.0, "percent_covered_display": "0", "missing_lines": 32, "excluded_lines": 0, "percent_statements_covered": 0.0, "percent_statements_covered_display": "0"}, "missing_lines": [17, 19, 20, 21, 22, 23, 25, 27, 32, 33, 41, 44, 61, 101, 102, 106, 107, 116, 117, 121, 130, 174, 189, 223, 283, 328, 343, 350, 356, 359, 364, 431], "excluded_lines": [], "start_line": 1}}}, "cadling/backend/mesh/__init__.py": {"executed_lines": [], "summary": {"covered_lines": 0, "num_statements": 0, "percent_covered": 100.0, "percent_covered_display": "100", "missing_lines": 0, "excluded_lines": 0, "percent_statements_covered": 100.0, "percent_statements_covered_display": "100"}, "missing_lines": [], "excluded_lines": [], "functions": {"": {"executed_lines": [], "summary": {"covered_lines": 0, "num_statements": 0, "percent_covered": 100.0, "percent_covered_display": "100", "missing_lines": 0, "excluded_lines": 0, "percent_statements_covered": 100.0, "percent_statements_covered_display": "100"}, "missing_lines": [], "excluded_lines": [], "start_line": 1}}, "classes": {"": {"executed_lines": [], "summary": {"covered_lines": 0, "num_statements": 0, "percent_covered": 100.0, "percent_covered_display": "100", "missing_lines": 0, "excluded_lines": 0, "percent_statements_covered": 100.0, "percent_statements_covered_display": "100"}, "missing_lines": [], "excluded_lines": [], "start_line": 1}}}, "cadling/backend/mesh/mesh_backend.py": {"executed_lines": [], "summary": {"covered_lines": 0, "num_statements": 0, "percent_covered": 100.0, "percent_covered_display": "100", "missing_lines": 0, "excluded_lines": 0, "percent_statements_covered": 100.0, "percent_statements_covered_display": "100"}, "missing_lines": [], "excluded_lines": [], "functions": {"": {"executed_lines": [], "summary": {"covered_lines": 0, "num_statements": 0, "percent_covered": 100.0, "percent_covered_display": "100", "missing_lines": 0, "excluded_lines": 0, "percent_statements_covered": 100.0, "percent_statements_covered_display": "100"}, "missing_lines": [], "excluded_lines": [], "start_line": 1}}, "classes": {"": {"executed_lines": [], "summary": {"covered_lines": 0, "num_statements": 0, "percent_covered": 100.0, "percent_covered_display": "100", "missing_lines": 0, "excluded_lines": 0, "percent_statements_covered": 100.0, "percent_statements_covered_display": "100"}, "missing_lines": [], "excluded_lines": [], "start_line": 1}}}, "cadling/backend/pythonocc_core_backend.py": {"executed_lines": [], "summary": {"covered_lines": 0, "num_statements": 175, "percent_covered": 0.0, "percent_covered_display": "0", "missing_lines": 175, "excluded_lines": 0, "percent_statements_covered": 0.0, "percent_statements_covered_display": "0"}, "missing_lines": [11, 13, 14, 15, 16, 18, 20, 21, 23, 26, 41, 49, 51, 52, 54, 61, 62, 63, 64, 65, 66, 67, 68, 74, 75, 77, 80, 81, 82, 83, 84, 85, 86, 88, 89, 90, 91, 92, 93, 94, 96, 97, 98, 99, 102, 104, 106, 107, 113, 115, 116, 122, 124, 125, 131, 133, 139, 141, 147, 158, 178, 179, 180, 181, 182, 183, 184, 185, 186, 188, 189, 194, 197, 198, 201, 202, 205, 211, 214, 217, 220, 223, 226, 229, 230, 231, 232, 235, 236, 238, 240, 243, 246, 247, 249, 251, 255, 256, 257, 258, 259, 260, 261, 263, 270, 272, 273, 274, 275, 276, 277, 278, 279, 280, 281, 282, 283, 284, 285, 286, 287, 288, 289, 292, 294, 300, 301, 302, 303, 306, 307, 308, 309, 310, 311, 314, 315, 316, 317, 318, 319, 322, 324, 325, 327, 333, 334, 335, 336, 337, 339, 340, 342, 344, 346, 352, 353, 354, 355, 356, 358, 359, 361, 363, 369, 370, 371, 372, 373, 375, 376, 378, 380, 386, 388], "excluded_lines": [], "functions": {"PythonOCCBackend.__init__": {"executed_lines": [], "summary": {"covered_lines": 0, "num_statements": 3, "percent_covered": 0.0, "percent_covered_display": "0", "missing_lines": 3, "excluded_lines": 0, "percent_statements_covered": 0.0, "percent_statements_covered_display": "0"}, "missing_lines": [49, 51, 52], "excluded_lines": [], "start_line": 41}, "PythonOCCBackend._load_shape": {"executed_lines": [], "summary": {"covered_lines": 0, "num_statements": 31, "percent_covered": 0.0, "percent_covered_display": "0", "missing_lines": 31, "excluded_lines": 0, "percent_statements_covered": 0.0, "percent_statements_covered_display": "0"}, "missing_lines": [61, 62, 63, 64, 65, 66, 67, 68, 74, 75, 77, 80, 81, 82, 83, 84, 85, 86, 88, 89, 90, 91, 92, 93, 94, 96, 97, 98, 99, 102, 104], "excluded_lines": [], "start_line": 54}, "PythonOCCBackend.supports_text_parsing": {"executed_lines": [], "summary": {"covered_lines": 0, "num_statements": 1, "percent_covered": 0.0, "percent_covered_display": "0", "missing_lines": 1, "excluded_lines": 0, "percent_statements_covered": 0.0, "percent_statements_covered_display": "0"}, "missing_lines": [113], "excluded_lines": [], "start_line": 107}, "PythonOCCBackend.supports_rendering": {"executed_lines": [], "summary": {"covered_lines": 0, "num_statements": 1, "percent_covered": 0.0, "percent_covered_display": "0", "missing_lines": 1, "excluded_lines": 0, "percent_statements_covered": 0.0, "percent_statements_covered_display": "0"}, "missing_lines": [122], "excluded_lines": [], "start_line": 116}, "PythonOCCBackend.supported_formats": {"executed_lines": [], "summary": {"covered_lines": 0, "num_statements": 1, "percent_covered": 0.0, "percent_covered_display": "0", "missing_lines": 1, "excluded_lines": 0, "percent_statements_covered": 0.0, "percent_statements_covered_display": "0"}, "missing_lines": [131], "excluded_lines": [], "start_line": 125}, "PythonOCCBackend.is_valid": {"executed_lines": [], "summary": {"covered_lines": 0, "num_statements": 1, "percent_covered": 0.0, "percent_covered_display": "0", "missing_lines": 1, "excluded_lines": 0, "percent_statements_covered": 0.0, "percent_statements_covered_display": "0"}, "missing_lines": [139], "excluded_lines": [], "start_line": 133}, "PythonOCCBackend.available_views": {"executed_lines": [], "summary": {"covered_lines": 0, "num_statements": 1, "percent_covered": 0.0, "percent_covered_display": "0", "missing_lines": 1, "excluded_lines": 0, "percent_statements_covered": 0.0, "percent_statements_covered_display": "0"}, "missing_lines": [147], "excluded_lines": [], "start_line": 141}, "PythonOCCBackend.render_view": {"executed_lines": [], "summary": {"covered_lines": 0, "num_statements": 43, "percent_covered": 0.0, "percent_covered_display": "0", "missing_lines": 43, "excluded_lines": 0, "percent_statements_covered": 0.0, "percent_statements_covered_display": "0"}, "missing_lines": [178, 179, 180, 181, 182, 183, 184, 185, 186, 188, 189, 194, 197, 198, 201, 202, 205, 211, 214, 217, 220, 223, 226, 229, 230, 231, 232, 235, 236, 238, 240, 243, 246, 247, 249, 251, 255, 256, 257, 258, 259, 260, 261], "excluded_lines": [], "start_line": 158}, "PythonOCCBackend._set_view_orientation": {"executed_lines": [], "summary": {"covered_lines": 0, "num_statements": 20, "percent_covered": 0.0, "percent_covered_display": "0", "missing_lines": 20, "excluded_lines": 0, "percent_statements_covered": 0.0, "percent_statements_covered_display": "0"}, "missing_lines": [270, 272, 273, 274, 275, 276, 277, 278, 279, 280, 281, 282, 283, 284, 285, 286, 287, 288, 289, 292], "excluded_lines": [], "start_line": 263}, "PythonOCCBackend._add_default_lighting": {"executed_lines": [], "summary": {"covered_lines": 0, "num_statements": 19, "percent_covered": 0.0, "percent_covered_display": "0", "missing_lines": 19, "excluded_lines": 0, "percent_statements_covered": 0.0, "percent_statements_covered_display": "0"}, "missing_lines": [300, 301, 302, 303, 306, 307, 308, 309, 310, 311, 314, 315, 316, 317, 318, 319, 322, 324, 325], "excluded_lines": [], "start_line": 294}, "PythonOCCBackend.get_bounding_box": {"executed_lines": [], "summary": {"covered_lines": 0, "num_statements": 9, "percent_covered": 0.0, "percent_covered_display": "0", "missing_lines": 9, "excluded_lines": 0, "percent_statements_covered": 0.0, "percent_statements_covered_display": "0"}, "missing_lines": [333, 334, 335, 336, 337, 339, 340, 342, 344], "excluded_lines": [], "start_line": 327}, "PythonOCCBackend.get_volume": {"executed_lines": [], "summary": {"covered_lines": 0, "num_statements": 8, "percent_covered": 0.0, "percent_covered_display": "0", "missing_lines": 8, "excluded_lines": 0, "percent_statements_covered": 0.0, "percent_statements_covered_display": "0"}, "missing_lines": [352, 353, 354, 355, 356, 358, 359, 361], "excluded_lines": [], "start_line": 346}, "PythonOCCBackend.get_surface_area": {"executed_lines": [], "summary": {"covered_lines": 0, "num_statements": 8, "percent_covered": 0.0, "percent_covered_display": "0", "missing_lines": 8, "excluded_lines": 0, "percent_statements_covered": 0.0, "percent_statements_covered_display": "0"}, "missing_lines": [369, 370, 371, 372, 373, 375, 376, 378], "excluded_lines": [], "start_line": 363}, "PythonOCCBackend._get_default_options": {"executed_lines": [], "summary": {"covered_lines": 0, "num_statements": 2, "percent_covered": 0.0, "percent_covered_display": "0", "missing_lines": 2, "excluded_lines": 0, "percent_statements_covered": 0.0, "percent_statements_covered_display": "0"}, "missing_lines": [386, 388], "excluded_lines": [], "start_line": 380}, "": {"executed_lines": [], "summary": {"covered_lines": 0, "num_statements": 27, "percent_covered": 0.0, "percent_covered_display": "0", "missing_lines": 27, "excluded_lines": 0, "percent_statements_covered": 0.0, "percent_statements_covered_display": "0"}, "missing_lines": [11, 13, 14, 15, 16, 18, 20, 21, 23, 26, 41, 54, 106, 107, 115, 116, 124, 125, 133, 141, 158, 263, 294, 327, 346, 363, 380], "excluded_lines": [], "start_line": 1}}, "classes": {"PythonOCCBackend": {"executed_lines": [], "summary": {"covered_lines": 0, "num_statements": 148, "percent_covered": 0.0, "percent_covered_display": "0", "missing_lines": 148, "excluded_lines": 0, "percent_statements_covered": 0.0, "percent_statements_covered_display": "0"}, "missing_lines": [49, 51, 52, 61, 62, 63, 64, 65, 66, 67, 68, 74, 75, 77, 80, 81, 82, 83, 84, 85, 86, 88, 89, 90, 91, 92, 93, 94, 96, 97, 98, 99, 102, 104, 113, 122, 131, 139, 147, 178, 179, 180, 181, 182, 183, 184, 185, 186, 188, 189, 194, 197, 198, 201, 202, 205, 211, 214, 217, 220, 223, 226, 229, 230, 231, 232, 235, 236, 238, 240, 243, 246, 247, 249, 251, 255, 256, 257, 258, 259, 260, 261, 270, 272, 273, 274, 275, 276, 277, 278, 279, 280, 281, 282, 283, 284, 285, 286, 287, 288, 289, 292, 300, 301, 302, 303, 306, 307, 308, 309, 310, 311, 314, 315, 316, 317, 318, 319, 322, 324, 325, 333, 334, 335, 336, 337, 339, 340, 342, 344, 352, 353, 354, 355, 356, 358, 359, 361, 369, 370, 371, 372, 373, 375, 376, 378, 386, 388], "excluded_lines": [], "start_line": 26}, "": {"executed_lines": [], "summary": {"covered_lines": 0, "num_statements": 27, "percent_covered": 0.0, "percent_covered_display": "0", "missing_lines": 27, "excluded_lines": 0, "percent_statements_covered": 0.0, "percent_statements_covered_display": "0"}, "missing_lines": [11, 13, 14, 15, 16, 18, 20, 21, 23, 26, 41, 54, 106, 107, 115, 116, 124, 125, 133, 141, 158, 263, 294, 327, 346, 363, 380], "excluded_lines": [], "start_line": 1}}}, "cadling/backend/step/__init__.py": {"executed_lines": [10, 11, 12, 13, 15], "summary": {"covered_lines": 5, "num_statements": 5, "percent_covered": 100.0, "percent_covered_display": "100", "missing_lines": 0, "excluded_lines": 0, "percent_statements_covered": 100.0, "percent_statements_covered_display": "100"}, "missing_lines": [], "excluded_lines": [], "functions": {"": {"executed_lines": [10, 11, 12, 13, 15], "summary": {"covered_lines": 5, "num_statements": 5, "percent_covered": 100.0, "percent_covered_display": "100", "missing_lines": 0, "excluded_lines": 0, "percent_statements_covered": 100.0, "percent_statements_covered_display": "100"}, "missing_lines": [], "excluded_lines": [], "start_line": 1}}, "classes": {"": {"executed_lines": [10, 11, 12, 13, 15], "summary": {"covered_lines": 5, "num_statements": 5, "percent_covered": 100.0, "percent_covered_display": "100", "missing_lines": 0, "excluded_lines": 0, "percent_statements_covered": 100.0, "percent_statements_covered_display": "100"}, "missing_lines": [], "excluded_lines": [], "start_line": 1}}}, "cadling/backend/step/feature_extractor.py": {"executed_lines": [7, 8, 9, 10, 13, 17, 24, 36, 47, 59, 66, 70, 92, 144, 159, 190, 264, 332, 399, 425, 451, 482, 508, 527, 544, 554, 568, 580, 586, 660], "summary": {"covered_lines": 30, "num_statements": 417, "percent_covered": 7.194244604316546, "percent_covered_display": "7", "missing_lines": 387, "excluded_lines": 0, "percent_statements_covered": 7.194244604316546, "percent_statements_covered_display": "7"}, "missing_lines": [68, 82, 84, 85, 86, 90, 112, 113, 115, 122, 123, 124, 125, 126, 127, 128, 129, 134, 137, 140, 142, 146, 147, 148, 149, 150, 151, 152, 153, 154, 155, 157, 163, 164, 167, 168, 169, 170, 171, 172, 173, 174, 175, 180, 181, 182, 183, 184, 185, 186, 188, 194, 195, 196, 198, 200, 201, 203, 204, 207, 209, 210, 211, 212, 213, 214, 215, 216, 217, 219, 220, 222, 224, 225, 227, 228, 229, 230, 232, 233, 236, 238, 240, 241, 242, 244, 245, 246, 247, 248, 249, 251, 252, 253, 255, 256, 257, 258, 259, 260, 262, 268, 269, 270, 272, 274, 275, 276, 278, 279, 282, 284, 286, 287, 289, 290, 291, 293, 295, 296, 298, 299, 300, 301, 303, 305, 306, 307, 309, 310, 311, 312, 314, 316, 317, 318, 320, 321, 322, 323, 325, 326, 327, 330, 336, 337, 338, 340, 342, 343, 344, 346, 347, 348, 349, 350, 352, 354, 355, 357, 358, 359, 360, 362, 364, 366, 367, 368, 369, 371, 373, 375, 376, 377, 379, 381, 382, 384, 385, 386, 388, 390, 392, 393, 394, 395, 397, 403, 404, 405, 407, 409, 411, 412, 415, 417, 418, 419, 421, 423, 427, 428, 431, 432, 433, 434, 435, 437, 438, 439, 441, 442, 443, 444, 445, 446, 447, 449, 455, 456, 459, 460, 461, 462, 463, 464, 465, 466, 467, 469, 470, 471, 472, 473, 474, 476, 477, 478, 480, 484, 485, 486, 487, 488, 489, 490, 491, 492, 493, 494, 496, 497, 498, 499, 500, 501, 502, 503, 504, 505, 506, 510, 511, 512, 514, 515, 516, 517, 519, 520, 521, 522, 523, 524, 525, 529, 530, 531, 532, 533, 534, 535, 536, 537, 538, 539, 540, 541, 542, 546, 547, 548, 549, 550, 551, 552, 556, 557, 558, 559, 560, 561, 562, 564, 565, 566, 570, 571, 572, 573, 574, 575, 576, 577, 578, 582, 583, 584, 598, 603, 604, 606, 607, 608, 609, 610, 612, 613, 614, 615, 616, 617, 620, 621, 622, 623, 624, 625, 627, 628, 629, 630, 632, 641, 648, 651, 652, 655, 656, 658, 673, 674, 677, 678, 679, 680, 681, 684, 685, 686, 687, 688, 689, 691, 692, 693, 695, 696, 697, 699, 700, 701, 704, 705, 706, 708, 709, 710, 712, 713, 714, 717, 718, 719, 720, 721, 723], "excluded_lines": [], "functions": {"STEPFeatureExtractor.__init__": {"executed_lines": [], "summary": {"covered_lines": 0, "num_statements": 1, "percent_covered": 0.0, "percent_covered_display": "0", "missing_lines": 1, "excluded_lines": 0, "percent_statements_covered": 0.0, "percent_statements_covered_display": "0"}, "missing_lines": [68], "excluded_lines": [], "start_line": 66}, "STEPFeatureExtractor.extract_features": {"executed_lines": [], "summary": {"covered_lines": 0, "num_statements": 5, "percent_covered": 0.0, "percent_covered_display": "0", "missing_lines": 5, "excluded_lines": 0, "percent_statements_covered": 0.0, "percent_statements_covered_display": "0"}, "missing_lines": [82, 84, 85, 86, 90], "excluded_lines": [], "start_line": 70}, "STEPFeatureExtractor.extract_entity_features": {"executed_lines": [], "summary": {"covered_lines": 0, "num_statements": 15, "percent_covered": 0.0, "percent_covered_display": "0", "missing_lines": 15, "excluded_lines": 0, "percent_statements_covered": 0.0, "percent_statements_covered_display": "0"}, "missing_lines": [112, 113, 115, 122, 123, 124, 125, 126, 127, 128, 129, 134, 137, 140, 142], "excluded_lines": [], "start_line": 92}, "STEPFeatureExtractor._categorize_entity": {"executed_lines": [], "summary": {"covered_lines": 0, "num_statements": 11, "percent_covered": 0.0, "percent_covered_display": "0", "missing_lines": 11, "excluded_lines": 0, "percent_statements_covered": 0.0, "percent_statements_covered_display": "0"}, "missing_lines": [146, 147, 148, 149, 150, 151, 152, 153, 154, 155, 157], "excluded_lines": [], "start_line": 144}, "STEPFeatureExtractor._extract_point_features": {"executed_lines": [], "summary": {"covered_lines": 0, "num_statements": 19, "percent_covered": 0.0, "percent_covered_display": "0", "missing_lines": 19, "excluded_lines": 0, "percent_statements_covered": 0.0, "percent_statements_covered_display": "0"}, "missing_lines": [163, 164, 167, 168, 169, 170, 171, 172, 173, 174, 175, 180, 181, 182, 183, 184, 185, 186, 188], "excluded_lines": [], "start_line": 159}, "STEPFeatureExtractor._extract_curve_features": {"executed_lines": [], "summary": {"covered_lines": 0, "num_statements": 50, "percent_covered": 0.0, "percent_covered_display": "0", "missing_lines": 50, "excluded_lines": 0, "percent_statements_covered": 0.0, "percent_statements_covered_display": "0"}, "missing_lines": [194, 195, 196, 198, 200, 201, 203, 204, 207, 209, 210, 211, 212, 213, 214, 215, 216, 217, 219, 220, 222, 224, 225, 227, 228, 229, 230, 232, 233, 236, 238, 240, 241, 242, 244, 245, 246, 247, 248, 249, 251, 252, 253, 255, 256, 257, 258, 259, 260, 262], "excluded_lines": [], "start_line": 190}, "STEPFeatureExtractor._extract_surface_features": {"executed_lines": [], "summary": {"covered_lines": 0, "num_statements": 43, "percent_covered": 0.0, "percent_covered_display": "0", "missing_lines": 43, "excluded_lines": 0, "percent_statements_covered": 0.0, "percent_statements_covered_display": "0"}, "missing_lines": [268, 269, 270, 272, 274, 275, 276, 278, 279, 282, 284, 286, 287, 289, 290, 291, 293, 295, 296, 298, 299, 300, 301, 303, 305, 306, 307, 309, 310, 311, 312, 314, 316, 317, 318, 320, 321, 322, 323, 325, 326, 327, 330], "excluded_lines": [], "start_line": 264}, "STEPFeatureExtractor._extract_topology_features": {"executed_lines": [], "summary": {"covered_lines": 0, "num_statements": 43, "percent_covered": 0.0, "percent_covered_display": "0", "missing_lines": 43, "excluded_lines": 0, "percent_statements_covered": 0.0, "percent_statements_covered_display": "0"}, "missing_lines": [336, 337, 338, 340, 342, 343, 344, 346, 347, 348, 349, 350, 352, 354, 355, 357, 358, 359, 360, 362, 364, 366, 367, 368, 369, 371, 373, 375, 376, 377, 379, 381, 382, 384, 385, 386, 388, 390, 392, 393, 394, 395, 397], "excluded_lines": [], "start_line": 332}, "STEPFeatureExtractor._extract_axis_placement_features": {"executed_lines": [], "summary": {"covered_lines": 0, "num_statements": 13, "percent_covered": 0.0, "percent_covered_display": "0", "missing_lines": 13, "excluded_lines": 0, "percent_statements_covered": 0.0, "percent_statements_covered_display": "0"}, "missing_lines": [403, 404, 405, 407, 409, 411, 412, 415, 417, 418, 419, 421, 423], "excluded_lines": [], "start_line": 399}, "STEPFeatureExtractor._extract_numeric_features": {"executed_lines": [], "summary": {"covered_lines": 0, "num_statements": 18, "percent_covered": 0.0, "percent_covered_display": "0", "missing_lines": 18, "excluded_lines": 0, "percent_statements_covered": 0.0, "percent_statements_covered_display": "0"}, "missing_lines": [427, 428, 431, 432, 433, 434, 435, 437, 438, 439, 441, 442, 443, 444, 445, 446, 447, 449], "excluded_lines": [], "start_line": 425}, "STEPFeatureExtractor._extract_reference_features": {"executed_lines": [], "summary": {"covered_lines": 0, "num_statements": 21, "percent_covered": 0.0, "percent_covered_display": "0", "missing_lines": 21, "excluded_lines": 0, "percent_statements_covered": 0.0, "percent_statements_covered_display": "0"}, "missing_lines": [455, 456, 459, 460, 461, 462, 463, 464, 465, 466, 467, 469, 470, 471, 472, 473, 474, 476, 477, 478, 480], "excluded_lines": [], "start_line": 451}, "STEPFeatureExtractor._extract_coordinates": {"executed_lines": [], "summary": {"covered_lines": 0, "num_statements": 22, "percent_covered": 0.0, "percent_covered_display": "0", "missing_lines": 22, "excluded_lines": 0, "percent_statements_covered": 0.0, "percent_statements_covered_display": "0"}, "missing_lines": [484, 485, 486, 487, 488, 489, 490, 491, 492, 493, 494, 496, 497, 498, 499, 500, 501, 502, 503, 504, 505, 506], "excluded_lines": [], "start_line": 482}, "STEPFeatureExtractor._extract_float": {"executed_lines": [], "summary": {"covered_lines": 0, "num_statements": 14, "percent_covered": 0.0, "percent_covered_display": "0", "missing_lines": 14, "excluded_lines": 0, "percent_statements_covered": 0.0, "percent_statements_covered_display": "0"}, "missing_lines": [510, 511, 512, 514, 515, 516, 517, 519, 520, 521, 522, 523, 524, 525], "excluded_lines": [], "start_line": 508}, "STEPFeatureExtractor._extract_int": {"executed_lines": [], "summary": {"covered_lines": 0, "num_statements": 14, "percent_covered": 0.0, "percent_covered_display": "0", "missing_lines": 14, "excluded_lines": 0, "percent_statements_covered": 0.0, "percent_statements_covered_display": "0"}, "missing_lines": [529, 530, 531, 532, 533, 534, 535, 536, 537, 538, 539, 540, 541, 542], "excluded_lines": [], "start_line": 527}, "STEPFeatureExtractor._extract_reference": {"executed_lines": [], "summary": {"covered_lines": 0, "num_statements": 7, "percent_covered": 0.0, "percent_covered_display": "0", "missing_lines": 7, "excluded_lines": 0, "percent_statements_covered": 0.0, "percent_statements_covered_display": "0"}, "missing_lines": [546, 547, 548, 549, 550, 551, 552], "excluded_lines": [], "start_line": 544}, "STEPFeatureExtractor._extract_list_of_references": {"executed_lines": [], "summary": {"covered_lines": 0, "num_statements": 10, "percent_covered": 0.0, "percent_covered_display": "0", "missing_lines": 10, "excluded_lines": 0, "percent_statements_covered": 0.0, "percent_statements_covered_display": "0"}, "missing_lines": [556, 557, 558, 559, 560, 561, 562, 564, 565, 566], "excluded_lines": [], "start_line": 554}, "STEPFeatureExtractor._extract_boolean": {"executed_lines": [], "summary": {"covered_lines": 0, "num_statements": 9, "percent_covered": 0.0, "percent_covered_display": "0", "missing_lines": 9, "excluded_lines": 0, "percent_statements_covered": 0.0, "percent_statements_covered_display": "0"}, "missing_lines": [570, 571, 572, 573, 574, 575, 576, 577, 578], "excluded_lines": [], "start_line": 568}, "STEPFeatureExtractor._compute_eccentricity": {"executed_lines": [], "summary": {"covered_lines": 0, "num_statements": 3, "percent_covered": 0.0, "percent_covered_display": "0", "missing_lines": 3, "excluded_lines": 0, "percent_statements_covered": 0.0, "percent_statements_covered_display": "0"}, "missing_lines": [582, 583, 584], "excluded_lines": [], "start_line": 580}, "STEPFeatureExtractor.compute_global_features": {"executed_lines": [], "summary": {"covered_lines": 0, "num_statements": 32, "percent_covered": 0.0, "percent_covered_display": "0", "missing_lines": 32, "excluded_lines": 0, "percent_statements_covered": 0.0, "percent_statements_covered_display": "0"}, "missing_lines": [598, 603, 604, 606, 607, 608, 609, 610, 612, 613, 614, 615, 616, 617, 620, 621, 622, 623, 624, 625, 627, 628, 629, 630, 632, 641, 648, 651, 652, 655, 656, 658], "excluded_lines": [], "start_line": 586}, "STEPFeatureExtractor.create_feature_vector": {"executed_lines": [], "summary": {"covered_lines": 0, "num_statements": 37, "percent_covered": 0.0, "percent_covered_display": "0", "missing_lines": 37, "excluded_lines": 0, "percent_statements_covered": 0.0, "percent_statements_covered_display": "0"}, "missing_lines": [673, 674, 677, 678, 679, 680, 681, 684, 685, 686, 687, 688, 689, 691, 692, 693, 695, 696, 697, 699, 700, 701, 704, 705, 706, 708, 709, 710, 712, 713, 714, 717, 718, 719, 720, 721, 723], "excluded_lines": [], "start_line": 660}, "": {"executed_lines": [7, 8, 9, 10, 13, 17, 24, 36, 47, 59, 66, 70, 92, 144, 159, 190, 264, 332, 399, 425, 451, 482, 508, 527, 544, 554, 568, 580, 586, 660], "summary": {"covered_lines": 30, "num_statements": 30, "percent_covered": 100.0, "percent_covered_display": "100", "missing_lines": 0, "excluded_lines": 0, "percent_statements_covered": 100.0, "percent_statements_covered_display": "100"}, "missing_lines": [], "excluded_lines": [], "start_line": 1}}, "classes": {"STEPFeatureExtractor": {"executed_lines": [], "summary": {"covered_lines": 0, "num_statements": 387, "percent_covered": 0.0, "percent_covered_display": "0", "missing_lines": 387, "excluded_lines": 0, "percent_statements_covered": 0.0, "percent_statements_covered_display": "0"}, "missing_lines": [68, 82, 84, 85, 86, 90, 112, 113, 115, 122, 123, 124, 125, 126, 127, 128, 129, 134, 137, 140, 142, 146, 147, 148, 149, 150, 151, 152, 153, 154, 155, 157, 163, 164, 167, 168, 169, 170, 171, 172, 173, 174, 175, 180, 181, 182, 183, 184, 185, 186, 188, 194, 195, 196, 198, 200, 201, 203, 204, 207, 209, 210, 211, 212, 213, 214, 215, 216, 217, 219, 220, 222, 224, 225, 227, 228, 229, 230, 232, 233, 236, 238, 240, 241, 242, 244, 245, 246, 247, 248, 249, 251, 252, 253, 255, 256, 257, 258, 259, 260, 262, 268, 269, 270, 272, 274, 275, 276, 278, 279, 282, 284, 286, 287, 289, 290, 291, 293, 295, 296, 298, 299, 300, 301, 303, 305, 306, 307, 309, 310, 311, 312, 314, 316, 317, 318, 320, 321, 322, 323, 325, 326, 327, 330, 336, 337, 338, 340, 342, 343, 344, 346, 347, 348, 349, 350, 352, 354, 355, 357, 358, 359, 360, 362, 364, 366, 367, 368, 369, 371, 373, 375, 376, 377, 379, 381, 382, 384, 385, 386, 388, 390, 392, 393, 394, 395, 397, 403, 404, 405, 407, 409, 411, 412, 415, 417, 418, 419, 421, 423, 427, 428, 431, 432, 433, 434, 435, 437, 438, 439, 441, 442, 443, 444, 445, 446, 447, 449, 455, 456, 459, 460, 461, 462, 463, 464, 465, 466, 467, 469, 470, 471, 472, 473, 474, 476, 477, 478, 480, 484, 485, 486, 487, 488, 489, 490, 491, 492, 493, 494, 496, 497, 498, 499, 500, 501, 502, 503, 504, 505, 506, 510, 511, 512, 514, 515, 516, 517, 519, 520, 521, 522, 523, 524, 525, 529, 530, 531, 532, 533, 534, 535, 536, 537, 538, 539, 540, 541, 542, 546, 547, 548, 549, 550, 551, 552, 556, 557, 558, 559, 560, 561, 562, 564, 565, 566, 570, 571, 572, 573, 574, 575, 576, 577, 578, 582, 583, 584, 598, 603, 604, 606, 607, 608, 609, 610, 612, 613, 614, 615, 616, 617, 620, 621, 622, 623, 624, 625, 627, 628, 629, 630, 632, 641, 648, 651, 652, 655, 656, 658, 673, 674, 677, 678, 679, 680, 681, 684, 685, 686, 687, 688, 689, 691, 692, 693, 695, 696, 697, 699, 700, 701, 704, 705, 706, 708, 709, 710, 712, 713, 714, 717, 718, 719, 720, 721, 723], "excluded_lines": [], "start_line": 13}, "": {"executed_lines": [7, 8, 9, 10, 13, 17, 24, 36, 47, 59, 66, 70, 92, 144, 159, 190, 264, 332, 399, 425, 451, 482, 508, 527, 544, 554, 568, 580, 586, 660], "summary": {"covered_lines": 30, "num_statements": 30, "percent_covered": 100.0, "percent_covered_display": "100", "missing_lines": 0, "excluded_lines": 0, "percent_statements_covered": 100.0, "percent_statements_covered_display": "100"}, "missing_lines": [], "excluded_lines": [], "start_line": 1}}}, "cadling/backend/step/step_backend.py": {"executed_lines": [8, 10, 11, 12, 13, 15, 17, 23, 24, 25, 26, 32, 34, 37, 55, 114, 115, 119, 120, 124, 125, 134, 148, 172, 190, 237, 320, 331, 382, 491, 509, 519, 527, 530, 536, 585, 692], "summary": {"covered_lines": 37, "num_statements": 327, "percent_covered": 11.314984709480122, "percent_covered_display": "11", "missing_lines": 290, "excluded_lines": 0, "percent_statements_covered": 11.314984709480122, "percent_statements_covered_display": "11"}, "missing_lines": [62, 65, 66, 67, 69, 72, 73, 75, 76, 77, 78, 79, 80, 81, 83, 84, 85, 86, 89, 90, 91, 94, 95, 98, 99, 102, 103, 104, 106, 107, 108, 109, 117, 122, 127, 128, 130, 131, 132, 136, 137, 139, 144, 145, 146, 150, 151, 153, 154, 155, 156, 157, 159, 160, 162, 163, 164, 166, 168, 169, 170, 174, 175, 177, 180, 183, 184, 185, 187, 188, 193, 196, 197, 200, 201, 206, 209, 214, 219, 230, 233, 235, 240, 243, 246, 247, 248, 250, 251, 252, 254, 255, 256, 257, 259, 260, 261, 262, 265, 266, 267, 268, 269, 270, 272, 274, 275, 276, 279, 280, 282, 283, 285, 289, 290, 293, 296, 299, 302, 313, 316, 318, 322, 323, 324, 325, 326, 328, 329, 337, 338, 340, 341, 342, 344, 345, 346, 348, 351, 353, 355, 356, 357, 358, 360, 361, 362, 364, 366, 367, 368, 371, 372, 373, 375, 376, 378, 379, 380, 390, 393, 405, 408, 409, 411, 414, 415, 417, 418, 419, 420, 422, 424, 425, 426, 429, 440, 443, 444, 449, 452, 464, 465, 466, 477, 478, 480, 481, 482, 484, 485, 487, 489, 493, 494, 495, 498, 511, 512, 517, 523, 524, 532, 533, 534, 538, 539, 541, 542, 543, 545, 548, 550, 552, 555, 556, 557, 559, 560, 562, 564, 566, 567, 570, 571, 573, 574, 576, 577, 581, 582, 583, 597, 598, 599, 600, 601, 602, 605, 607, 608, 611, 612, 615, 618, 621, 624, 625, 626, 627, 628, 629, 630, 631, 632, 633, 634, 635, 636, 637, 638, 640, 643, 646, 649, 650, 651, 653, 656, 659, 661, 662, 663, 664, 666, 667, 670, 671, 672, 673, 674, 676, 677, 679, 680, 684, 686, 687, 695, 746], "excluded_lines": [], "functions": {"STEPBackend.__init__": {"executed_lines": [], "summary": {"covered_lines": 0, "num_statements": 32, "percent_covered": 0.0, "percent_covered_display": "0", "missing_lines": 32, "excluded_lines": 0, "percent_statements_covered": 0.0, "percent_statements_covered_display": "0"}, "missing_lines": [62, 65, 66, 67, 69, 72, 73, 75, 76, 77, 78, 79, 80, 81, 83, 84, 85, 86, 89, 90, 91, 94, 95, 98, 99, 102, 103, 104, 106, 107, 108, 109], "excluded_lines": [], "start_line": 55}, "STEPBackend.supported_formats": {"executed_lines": [], "summary": {"covered_lines": 0, "num_statements": 1, "percent_covered": 0.0, "percent_covered_display": "0", "missing_lines": 1, "excluded_lines": 0, "percent_statements_covered": 0.0, "percent_statements_covered_display": "0"}, "missing_lines": [117], "excluded_lines": [], "start_line": 115}, "STEPBackend.supports_text_parsing": {"executed_lines": [], "summary": {"covered_lines": 0, "num_statements": 1, "percent_covered": 0.0, "percent_covered_display": "0", "missing_lines": 1, "excluded_lines": 0, "percent_statements_covered": 0.0, "percent_statements_covered_display": "0"}, "missing_lines": [122], "excluded_lines": [], "start_line": 120}, "STEPBackend.supports_rendering": {"executed_lines": [], "summary": {"covered_lines": 0, "num_statements": 5, "percent_covered": 0.0, "percent_covered_display": "0", "missing_lines": 5, "excluded_lines": 0, "percent_statements_covered": 0.0, "percent_statements_covered_display": "0"}, "missing_lines": [127, 128, 130, 131, 132], "excluded_lines": [], "start_line": 125}, "STEPBackend.is_valid": {"executed_lines": [], "summary": {"covered_lines": 0, "num_statements": 6, "percent_covered": 0.0, "percent_covered_display": "0", "missing_lines": 6, "excluded_lines": 0, "percent_statements_covered": 0.0, "percent_statements_covered_display": "0"}, "missing_lines": [136, 137, 139, 144, 145, 146], "excluded_lines": [], "start_line": 134}, "STEPBackend._read_file_content": {"executed_lines": [], "summary": {"covered_lines": 0, "num_statements": 16, "percent_covered": 0.0, "percent_covered_display": "0", "missing_lines": 16, "excluded_lines": 0, "percent_statements_covered": 0.0, "percent_statements_covered_display": "0"}, "missing_lines": [150, 151, 153, 154, 155, 156, 157, 159, 160, 162, 163, 164, 166, 168, 169, 170], "excluded_lines": [], "start_line": 148}, "STEPBackend._parse_file": {"executed_lines": [], "summary": {"covered_lines": 0, "num_statements": 9, "percent_covered": 0.0, "percent_covered_display": "0", "missing_lines": 9, "excluded_lines": 0, "percent_statements_covered": 0.0, "percent_statements_covered_display": "0"}, "missing_lines": [174, 175, 177, 180, 183, 184, 185, 187, 188], "excluded_lines": [], 
[...]
ines": 0, "num_statements": 0, "percent_covered": 100.0, "percent_covered_display": "100", "missing_lines": 0, "excluded_lines": 0, "percent_statements_covered": 100.0, "percent_statements_covered_display": "100"}, "missing_lines": [], "excluded_lines": [], "start_line": 1}}, "classes": {"": {"executed_lines": [], "summary": {"covered_lines": 0, "num_statements": 0, "percent_covered": 100.0, "percent_covered_display": "100", "missing_lines": 0, "excluded_lines": 0, "percent_statements_covered": 100.0, "percent_statements_covered_display": "100"}, "missing_lines": [], "excluded_lines": [], "start_line": 1}}}, "cadling/sdg/cli/main.py": {"executed_lines": [], "summary": {"covered_lines": 0, "num_statements": 0, "percent_covered": 100.0, "percent_covered_display": "100", "missing_lines": 0, "excluded_lines": 0, "percent_statements_covered": 100.0, "percent_statements_covered_display": "100"}, "missing_lines": [], "excluded_lines": [], "functions": {"": {"executed_lines": [], "summary": {"covered_lines": 0, "num_statements": 0, "percent_covered": 100.0, "percent_covered_display": "100", "missing_lines": 0, "excluded_lines": 0, "percent_statements_covered": 100.0, "percent_statements_covered_display": "100"}, "missing_lines": [], "excluded_lines": [], "start_line": 1}}, "classes": {"": {"executed_lines": [], "summary": {"covered_lines": 0, "num_statements": 0, "percent_covered": 100.0, "percent_covered_display": "100", "missing_lines": 0, "excluded_lines": 0, "percent_statements_covered": 100.0, "percent_statements_covered_display": "100"}, "missing_lines": [], "excluded_lines": [], "start_line": 1}}}, "cadling/sdg/cli/qa.py": {"executed_lines": [], "summary": {"covered_lines": 0, "num_statements": 0, "percent_covered": 100.0, "percent_covered_display": "100", "missing_lines": 0, "excluded_lines": 0, "percent_statements_covered": 100.0, "percent_statements_covered_display": "100"}, "missing_lines": [], "excluded_lines": [], "functions": {"": {"executed_lines": [], "summary": {"covered_lines": 0, "num_statements": 0, "percent_covered": 100.0, "percent_covered_display": "100", "missing_lines": 0, "excluded_lines": 0, "percent_statements_covered": 100.0, "percent_statements_covered_display": "100"}, "missing_lines": [], "excluded_lines": [], "start_line": 1}}, "classes": {"": {"executed_lines": [], "summary": {"covered_lines": 0, "num_statements": 0, "percent_covered": 100.0, "percent_covered_display": "100", "missing_lines": 0, "excluded_lines": 0, "percent_statements_covered": 100.0, "percent_statements_covered_display": "100"}, "missing_lines": [], "excluded_lines": [], "start_line": 1}}}, "cadling/sdg/qa/__init__.py": {"executed_lines": [], "summary": {"covered_lines": 0, "num_statements": 0, "percent_covered": 100.0, "percent_covered_display": "100", "missing_lines": 0, "excluded_lines": 0, "percent_statements_covered": 100.0, "percent_statements_covered_display": "100"}, "missing_lines": [], "excluded_lines": [], "functions": {"": {"executed_lines": [], "summary": {"covered_lines": 0, "num_statements": 0, "percent_covered": 100.0, "percent_covered_display": "100", "missing_lines": 0, "excluded_lines": 0, "percent_statements_covered": 100.0, "percent_statements_covered_display": "100"}, "missing_lines": [], "excluded_lines": [], "start_line": 1}}, "classes": {"": {"executed_lines": [], "summary": {"covered_lines": 0, "num_statements": 0, "percent_covered": 100.0, "percent_covered_display": "100", "missing_lines": 0, "excluded_lines": 0, "percent_statements_covered": 100.0, "percent_statements_covered_display": "100"}, "missing_lines": [], "excluded_lines": [], "start_line": 1}}}, "cadling/sdg/qa/base.py": {"executed_lines": [], "summary": {"covered_lines": 0, "num_statements": 0, "percent_covered": 100.0, "percent_covered_display": "100", "missing_lines": 0, "excluded_lines": 0, "percent_statements_covered": 100.0, "percent_statements_covered_display": "100"}, "missing_lines": [], "excluded_lines": [], "functions": {"": {"executed_lines": [], "summary": {"covered_lines": 0, "num_statements": 0, "percent_covered": 100.0, "percent_covered_display": "100", "missing_lines": 0, "excluded_lines": 0, "percent_statements_covered": 100.0, "percent_statements_covered_display": "100"}, "missing_lines": [], "excluded_lines": [], "start_line": 1}}, "classes": {"": {"executed_lines": [], "summary": {"covered_lines": 0, "num_statements": 0, "percent_covered": 100.0, "percent_covered_display": "100", "missing_lines": 0, "excluded_lines": 0, "percent_statements_covered": 100.0, "percent_statements_covered_display": "100"}, "missing_lines": [], "excluded_lines": [], "start_line": 1}}}, "cadling/sdg/qa/conceptual_generate.py": {"executed_lines": [], "summary": {"covered_lines": 0, "num_statements": 0, "percent_covered": 100.0, "percent_covered_display": "100", "missing_lines": 0, "excluded_lines": 0, "percent_statements_covered": 100.0, "percent_statements_covered_display": "100"}, "missing_lines": [], "excluded_lines": [], "functions": {"": {"executed_lines": [], "summary": {"covered_lines": 0, "num_statements": 0, "percent_covered": 100.0, "percent_covered_display": "100", "missing_lines": 0, "excluded_lines": 0, "percent_statements_covered": 100.0, "percent_statements_covered_display": "100"}, "missing_lines": [], "excluded_lines": [], "start_line": 1}}, "classes": {"": {"executed_lines": [], "summary": {"covered_lines": 0, "num_statements": 0, "percent_covered": 100.0, "percent_covered_display": "100", "missing_lines": 0, "excluded_lines": 0, "percent_statements_covered": 100.0, "percent_statements_covered_display": "100"}, "missing_lines": [], "excluded_lines": [], "start_line": 1}}}, "cadling/sdg/qa/critique.py": {"executed_lines": [], "summary": {"covered_lines": 0, "num_statements": 0, "percent_covered": 100.0, "percent_covered_display": "100", "missing_lines": 0, "excluded_lines": 0, "percent_statements_covered": 100.0, "percent_statements_covered_display": "100"}, "missing_lines": [], "excluded_lines": [], "functions": {"": {"executed_lines": [], "summary": {"covered_lines": 0, "num_statements": 0, "percent_covered": 100.0, "percent_covered_display": "100", "missing_lines": 0, "excluded_lines": 0, "percent_statements_covered": 100.0, "percent_statements_covered_display": "100"}, "missing_lines": [], "excluded_lines": [], "start_line": 1}}, "classes": {"": {"executed_lines": [], "summary": {"covered_lines": 0, "num_statements": 0, "percent_covered": 100.0, "percent_covered_display": "100", "missing_lines": 0, "excluded_lines": 0, "percent_statements_covered": 100.0, "percent_statements_covered_display": "100"}, "missing_lines": [], "excluded_lines": [], "start_line": 1}}}, "cadling/sdg/qa/generate.py": {"executed_lines": [], "summary": {"covered_lines": 0, "num_statements": 0, "percent_covered": 100.0, "percent_covered_display": "100", "missing_lines": 0, "excluded_lines": 0, "percent_statements_covered": 100.0, "percent_statements_covered_display": "100"}, "missing_lines": [], "excluded_lines": [], "functions": {"": {"executed_lines": [], "summary": {"covered_lines": 0, "num_statements": 0, "percent_covered": 100.0, "percent_covered_display": "100", "missing_lines": 0, "excluded_lines": 0, "percent_statements_covered": 100.0, "percent_statements_covered_display": "100"}, "missing_lines": [], "excluded_lines": [], "start_line": 1}}, "classes": {"": {"executed_lines": [], "summary": {"covered_lines": 0, "num_statements": 0, "percent_covered": 100.0, "percent_covered_display": "100", "missing_lines": 0, "excluded_lines": 0, "percent_statements_covered": 100.0, "percent_statements_covered_display": "100"}, "missing_lines": [], "excluded_lines": [], "start_line": 1}}}, "cadling/sdg/qa/sample.py": {"executed_lines": [], "summary": {"covered_lines": 0, "num_statements": 0, "percent_covered": 100.0, "percent_covered_display": "100", "missing_lines": 0, "excluded_lines": 0, "percent_statements_covered": 100.0, "percent_statements_covered_display": "100"}, "missing_lines": [], "excluded_lines": [], "functions": {"": {"executed_lines": [], "summary": {"covered_lines": 0, "num_statements": 0, "percent_covered": 100.0, "percent_covered_display": "100", "missing_lines": 0, "excluded_lines": 0, "percent_statements_covered": 100.0, "percent_statements_covered_display": "100"}, "missing_lines": [], "excluded_lines": [], "start_line": 1}}, "classes": {"": {"executed_lines": [], "summary": {"covered_lines": 0, "num_statements": 0, "percent_covered": 100.0, "percent_covered_display": "100", "missing_lines": 0, "excluded_lines": 0, "percent_statements_covered": 100.0, "percent_statements_covered_display": "100"}, "missing_lines": [], "excluded_lines": [], "start_line": 1}}}, "cadling/sdg/qa/utils.py": {"executed_lines": [], "summary": {"covered_lines": 0, "num_statements": 0, "percent_covered": 100.0, "percent_covered_display": "100", "missing_lines": 0, "excluded_lines": 0, "percent_statements_covered": 100.0, "percent_statements_covered_display": "100"}, "missing_lines": [], "excluded_lines": [], "functions": {"": {"executed_lines": [], "summary": {"covered_lines": 0, "num_statements": 0, "percent_covered": 100.0, "percent_covered_display": "100", "missing_lines": 0, "excluded_lines": 0, "percent_statements_covered": 100.0, "percent_statements_covered_display": "100"}, "missing_lines": [], "excluded_lines": [], "start_line": 1}}, "classes": {"": {"executed_lines": [], "summary": {"covered_lines": 0, "num_statements": 0, "percent_covered": 100.0, "percent_covered_display": "100", "missing_lines": 0, "excluded_lines": 0, "percent_statements_covered": 100.0, "percent_statements_covered_display": "100"}, "missing_lines": [], "excluded_lines": [], "start_line": 1}}}, "cadling/sdg/qa_generator.py": {"executed_lines": [], "summary": {"covered_lines": 0, "num_statements": 132, "percent_covered": 0.0, "percent_covered_display": "0", "missing_lines": 132, "excluded_lines": 3, "percent_statements_covered": 0.0, "percent_statements_covered_display": "0"}, "missing_lines": [12, 14, 15, 17, 23, 26, 27, 28, 30, 31, 32, 35, 36, 37, 39, 40, 41, 44, 55, 56, 57, 58, 59, 62, 97, 112, 113, 114, 117, 118, 119, 120, 121, 122, 124, 130, 132, 137, 146, 147, 148, 150, 151, 152, 154, 155, 156, 160, 161, 162, 165, 167, 183, 186, 187, 189, 192, 193, 196, 198, 199, 201, 204, 206, 207, 208, 211, 214, 217, 218, 219, 224, 237, 239, 241, 242, 244, 246, 248, 257, 271, 273, 275, 285, 296, 298, 300, 313, 337, 340, 341, 342, 344, 345, 346, 347, 349, 350, 351, 352, 353, 354, 355, 356, 357, 358, 359, 360, 361, 362, 364, 365, 368, 369, 371, 372, 373, 375, 377, 386, 387, 392, 394, 395, 401, 404, 406, 413, 415, 416, 417, 419], "excluded_lines": [19, 20, 21], "functions": {"CADQAGenerator.__init__": {"executed_lines": [], "summary": {"covered_lines": 0, "num_statements": 12, "percent_covered": 0.0, "percent_covered_display": "0", "missing_lines": 12, "excluded_lines": 0, "percent_statements_covered": 0.0, "percent_statements_covered_display": "0"}, "missing_lines": [112, 113, 114, 117, 118, 119, 120, 121, 122, 124, 130, 132], "excluded_lines": [], "start_line": 97}, "CADQAGenerator._initialize_llm": {"executed_lines": [], "summary": {"covered_lines": 0, "num_statements": 13, "percent_covered": 0.0, "percent_covered_display": "0", "missing_lines": 13, "excluded_lines": 0, "percent_statements_covered": 0.0, "percent_statements_covered_display": "0"}, "missing_lines": [146, 147, 148, 150, 151, 152, 154, 155, 156, 160, 161, 162, 165], "excluded_lines": [], "start_line": 137}, "CADQAGenerator.generate_qa_pairs": {"executed_lines": [], "summary": {"covered_lines": 0, "num_statements": 26, "percent_covered": 0.0, "percent_covered_display": "0", "missing_lines": 26, "excluded_lines": 0, "percent_statements_covered": 0.0, "percent_statements_covered_display": "0"}, "missing_lines": [183, 186, 187, 189, 192, 193, 196, 198, 199, 201, 204, 206, 207, 208, 211, 214, 217, 218, 219, 224, 237, 239, 241, 242, 244, 246], "excluded_lines": [], "start_line": 167}, "CADQAGenerator._generate_question": {"executed_lines": [], "summary": {"covered_lines": 0, "num_statements": 3, "percent_covered": 0.0, "percent_covered_display": "0", "missing_lines": 3, "excluded_lines": 0, "percent_statements_covered": 0.0, "percent_statements_covered_display": "0"}, "missing_lines": [257, 271, 273], "excluded_lines": [], "start_line": 248}, "CADQAGenerator._generate_answer": {"executed_lines": [], "summary": {"covered_lines": 0, "num_statements": 3, "percent_covered": 0.0, "percent_covered_display": "0", "missing_lines": 3, "excluded_lines": 0, "percent_statements_covered": 0.0, "percent_statements_covered_display": "0"}, "missing_lines": [285, 296, 298], "excluded_lines": [], "start_line": 275}, "CADQAGenerator._critique_qa": {"executed_lines": [], "summary": {"covered_lines": 0, "num_statements": 31, "percent_covered": 0.0, "percent_covered_display": "0", "missing_lines": 31, "excluded_lines": 0, "percent_statements_covered": 0.0, "percent_statements_covered_display": "0"}, "missing_lines": [313, 337, 340, 341, 342, 344, 345, 346, 347, 349, 350, 351, 352, 353, 354, 355, 356, 357, 358, 359, 360, 361, 362, 364, 365, 368, 369, 371, 372, 373, 375], "excluded_lines": [], "start_line": 300}, "CADQAGenerator._call_llm": {"executed_lines": [], "summary": {"covered_lines": 0, "num_statements": 7, "percent_covered": 0.0, "percent_covered_display": "0", "missing_lines": 7, "excluded_lines": 0, "percent_statements_covered": 0.0, "percent_statements_covered_display": "0"}, "missing_lines": [386, 387, 392, 394, 395, 401, 404], "excluded_lines": [], "start_line": 377}, "CADQAGenerator.save_qa_pairs": {"executed_lines": [], "summary": {"covered_lines": 0, "num_statements": 5, "percent_covered": 0.0, "percent_covered_display": "0", "missing_lines": 5, "excluded_lines": 0, "percent_statements_covered": 0.0, "percent_statements_covered_display": "0"}, "missing_lines": [413, 415, 416, 417, 419], "excluded_lines": [], "start_line": 406}, "": {"executed_lines": [], "summary": {"covered_lines": 0, "num_statements": 32, "percent_covered": 0.0, "percent_covered_display": "0", "missing_lines": 32, "excluded_lines": 3, "percent_statements_covered": 0.0, "percent_statements_covered_display": "0"}, "missing_lines": [12, 14, 15, 17, 23, 26, 27, 28, 30, 31, 32, 35, 36, 37, 39, 40, 41, 44, 55, 56, 57, 58, 59, 62, 97, 137, 167, 248, 275, 300, 377, 406], "excluded_lines": [19, 20, 21], "start_line": 1}}, "classes": {"QAPair": {"executed_lines": [], "summary": {"covered_lines": 0, "num_statements": 0, "percent_covered": 100.0, "percent_covered_display": "100", "missing_lines": 0, "excluded_lines": 0, "percent_statements_covered": 100.0, "percent_statements_covered_display": "100"}, "missing_lines": [], "excluded_lines": [], "start_line": 44}, "CADQAGenerator": {"executed_lines": [], "summary": {"covered_lines": 0, "num_statements": 100, "percent_covered": 0.0, "percent_covered_display": "0", "missing_lines": 100, "excluded_lines": 0, "percent_statements_covered": 0.0, "percent_statements_covered_display": "0"}, "missing_lines": [112, 113, 114, 117, 118, 119, 120, 121, 122, 124, 130, 132, 146, 147, 148, 150, 151, 152, 154, 155, 156, 160, 161, 162, 165, 183, 186, 187, 189, 192, 193, 196, 198, 199, 201, 204, 206, 207, 208, 211, 214, 217, 218, 219, 224, 237, 239, 241, 242, 244, 246, 257, 271, 273, 285, 296, 298, 313, 337, 340, 341, 342, 344, 345, 346, 347, 349, 350, 351, 352, 353, 354, 355, 356, 357, 358, 359, 360, 361, 362, 364, 365, 368, 369, 371, 372, 373, 375, 386, 387, 392, 394, 395, 401, 404, 413, 415, 416, 417, 419], "excluded_lines": [], "start_line": 62}, "": {"executed_lines": [], "summary": {"covered_lines": 0, "num_statements": 32, "percent_covered": 0.0, "percent_covered_display": "0", "missing_lines": 32, "excluded_lines": 3, "percent_statements_covered": 0.0, "percent_statements_covered_display": "0"}, "missing_lines": [12, 14, 15, 17, 23, 26, 27, 28, 30, 31, 32, 35, 36, 37, 39, 40, 41, 44, 55, 56, 57, 58, 59, 62, 97, 137, 167, 248, 275, 300, 377, 406], "excluded_lines": [19, 20, 21], "start_line": 1}}}, "cadling/sdg/resources/__init__.py": {"executed_lines": [], "summary": {"covered_lines": 0, "num_statements": 0, "percent_covered": 100.0, "percent_covered_display": "100", "missing_lines": 0, "excluded_lines": 0, "percent_statements_covered": 100.0, "percent_statements_covered_display": "100"}, "missing_lines": [], "excluded_lines": [], "functions": {"": {"executed_lines": [], "summary": {"covered_lines": 0, "num_statements": 0, "percent_covered": 100.0, "percent_covered_display": "100", "missing_lines": 0, "excluded_lines": 0, "percent_statements_covered": 100.0, "percent_statements_covered_display": "100"}, "missing_lines": [], "excluded_lines": [], "start_line": 1}}, "classes": {"": {"executed_lines": [], "summary": {"covered_lines": 0, "num_statements": 0, "percent_covered": 100.0, "percent_covered_display": "100", "missing_lines": 0, "excluded_lines": 0, "percent_statements_covered": 100.0, "percent_statements_covered_display": "100"}, "missing_lines": [], "excluded_lines": [], "start_line": 1}}}, "cadling/utils/__init__.py": {"executed_lines": [], "summary": {"covered_lines": 0, "num_statements": 27, "percent_covered": 0.0, "percent_covered_display": "0", "missing_lines": 27, "excluded_lines": 0, "percent_statements_covered": 0.0, "percent_statements_covered_display": "0"}, "missing_lines": [13, 15, 16, 17, 18, 20, 23, 32, 34, 35, 36, 38, 41, 50, 51, 53, 56, 65, 66, 67, 70, 79, 80, 81, 82, 84, 87], "excluded_lines": [], "functions": {"compute_file_hash": {"executed_lines": [], "summary": {"covered_lines": 0, "num_statements": 5, "percent_covered": 0.0, "percent_covered_display": "0", "missing_lines": 5, "excluded_lines": 0, "percent_statements_covered": 0.0, "percent_statements_covered_display": "0"}, "missing_lines": [32, 34, 35, 36, 38], "excluded_lines": [], "start_line": 23}, "normalize_path": {"executed_lines": [], "summary": {"covered_lines": 0, "num_statements": 3, "percent_covered": 0.0, "percent_covered_display": "0", "missing_lines": 3, "excluded_lines": 0, "percent_statements_covered": 0.0, "percent_statements_covered_display": "0"}, "missing_lines": [50, 51, 53], "excluded_lines": [], "start_line": 41}, "ensure_dir": {"executed_lines": [], "summary": {"covered_lines": 0, "num_statements": 3, "percent_covered": 0.0, "percent_covered_display": "0", "missing_lines": 3, "excluded_lines": 0, "percent_statements_covered": 0.0, "percent_statements_covered_display": "0"}, "missing_lines": [65, 66, 67], "excluded_lines": [], "start_line": 56}, "format_bytes": {"executed_lines": [], "summary": {"covered_lines": 0, "num_statements": 5, "percent_covered": 0.0, "percent_covered_display": "0", "missing_lines": 5, "excluded_lines": 0, "percent_statements_covered": 0.0, "percent_statements_covered_display": "0"}, "missing_lines": [79, 80, 81, 82, 84], "excluded_lines": [], "start_line": 70}, "": {"executed_lines": [], "summary": {"covered_lines": 0, "num_statements": 11, "percent_covered": 0.0, "percent_covered_display": "0", "missing_lines": 11, "excluded_lines": 0, "percent_statements_covered": 0.0, "percent_statements_covered_display": "0"}, "missing_lines": [13, 15, 16, 17, 18, 20, 23, 41, 56, 70, 87], "excluded_lines": [], "start_line": 1}}, "classes": {"": {"executed_lines": [], "summary": {"covered_lines": 0, "num_statements": 27, "percent_covered": 0.0, "percent_covered_display": "0", "missing_lines": 27, "excluded_lines": 0, "percent_statements_covered": 0.0, "percent_statements_covered_display": "0"}, "missing_lines": [13, 15, 16, 17, 18, 20, 23, 32, 34, 35, 36, 38, 41, 50, 51, 53, 56, 65, 66, 67, 70, 79, 80, 81, 82, 84, 87], "excluded_lines": [], "start_line": 1}}}}, "totals": {"covered_lines": 1855, "num_statements": 10934, "percent_covered": 16.965428937259922, "percent_covered_display": "17", "missing_lines": 9079, "excluded_lines": 434, "percent_statements_covered": 16.965428937259922, "percent_statements_covered_display": "17"}}